{"C:\\Users\\Adam\\Desktop\\Current Classes\\CSE186\\Assignment8\\frontend\\src\\App.jsx": {"path":"C:\\Users\\Adam\\Desktop\\Current Classes\\CSE186\\Assignment8\\frontend\\src\\App.jsx","statementMap":{"0":{"start":{"line":24,"column":4},"end":{"line":24,"column":48}},"1":{"start":{"line":25,"column":2},"end":{"line":35,"column":23}},"2":{"start":{"line":26,"column":22},"end":{"line":30,"column":5}},"3":{"start":{"line":27,"column":6},"end":{"line":27,"column":31}},"4":{"start":{"line":28,"column":6},"end":{"line":28,"column":54}},"5":{"start":{"line":29,"column":6},"end":{"line":29,"column":48}},"6":{"start":{"line":31,"column":4},"end":{"line":31,"column":50}},"7":{"start":{"line":32,"column":4},"end":{"line":34,"column":6}},"8":{"start":{"line":33,"column":6},"end":{"line":33,"column":55}},"9":{"start":{"line":36,"column":2},"end":{"line":36,"column":33}},"10":{"start":{"line":37,"column":2},"end":{"line":44,"column":4}}},"fnMap":{"0":{"name":"App","decl":{"start":{"line":13,"column":9},"end":{"line":13,"column":12}},"loc":{"start":{"line":13,"column":15},"end":{"line":45,"column":1}},"line":13},"1":{"name":"(anonymous_1)","decl":{"start":{"line":25,"column":18},"end":{"line":25,"column":19}},"loc":{"start":{"line":25,"column":24},"end":{"line":35,"column":3}},"line":25},"2":{"name":"(anonymous_2)","decl":{"start":{"line":26,"column":22},"end":{"line":26,"column":23}},"loc":{"start":{"line":26,"column":28},"end":{"line":30,"column":5}},"line":26},"3":{"name":"(anonymous_3)","decl":{"start":{"line":32,"column":11},"end":{"line":32,"column":12}},"loc":{"start":{"line":32,"column":17},"end":{"line":34,"column":5}},"line":32}},"branchMap":{"0":{"loc":{"start":{"line":41,"column":35},"end":{"line":41,"column":76}},"type":"cond-expr","locations":[{"start":{"line":41,"column":51},"end":{"line":41,"column":65}},{"start":{"line":41,"column":67},"end":{"line":41,"column":76}}],"line":41}},"s":{"0":6,"1":6,"2":6,"3":0,"4":0,"5":0,"6":6,"7":6,"8":6,"9":6,"10":6},"f":{"0":6,"1":6,"2":0,"3":6},"b":{"0":[0,6]},"_coverageSchema":"1a1c01bbd47fc00a2c39e90264f33305004495a9","hash":"9e07f1e4e8fec101c932fc1517b4ed126557033b"}
,"C:\\Users\\Adam\\Desktop\\Current Classes\\CSE186\\Assignment8\\frontend\\src\\Contexts.jsx": {"path":"C:\\Users\\Adam\\Desktop\\Current Classes\\CSE186\\Assignment8\\frontend\\src\\Contexts.jsx","statementMap":{"0":{"start":{"line":9,"column":20},"end":{"line":9,"column":41}},"1":{"start":{"line":10,"column":22},"end":{"line":10,"column":43}},"2":{"start":{"line":11,"column":22},"end":{"line":11,"column":43}},"3":{"start":{"line":12,"column":20},"end":{"line":12,"column":41}},"4":{"start":{"line":13,"column":23},"end":{"line":13,"column":44}},"5":{"start":{"line":14,"column":23},"end":{"line":14,"column":44}}},"fnMap":{},"branchMap":{},"s":{"0":1,"1":1,"2":1,"3":1,"4":1,"5":1},"f":{},"b":{},"_coverageSchema":"1a1c01bbd47fc00a2c39e90264f33305004495a9","hash":"24aa13b46de26fe3a9cb17ba2180033d1d84d0b1"}
,"C:\\Users\\Adam\\Desktop\\Current Classes\\CSE186\\Assignment8\\frontend\\src\\CustomDrawers.jsx": {"path":"C:\\Users\\Adam\\Desktop\\Current Classes\\CSE186\\Assignment8\\frontend\\src\\CustomDrawers.jsx","statementMap":{"0":{"start":{"line":25,"column":20},"end":{"line":25,"column":22}},"1":{"start":{"line":26,"column":20},"end":{"line":26,"column":23}},"2":{"start":{"line":28,"column":23},"end":{"line":65,"column":1}},"3":{"start":{"line":29,"column":2},"end":{"line":29,"column":32}},"4":{"start":{"line":30,"column":15},"end":{"line":30,"column":43}},"5":{"start":{"line":31,"column":2},"end":{"line":34,"column":3}},"6":{"start":{"line":32,"column":4},"end":{"line":32,"column":22}},"7":{"start":{"line":33,"column":4},"end":{"line":33,"column":11}},"8":{"start":{"line":35,"column":15},"end":{"line":35,"column":31}},"9":{"start":{"line":36,"column":22},"end":{"line":36,"column":50}},"10":{"start":{"line":37,"column":2},"end":{"line":37,"column":33}},"11":{"start":{"line":38,"column":2},"end":{"line":64,"column":7}},"12":{"start":{"line":47,"column":6},"end":{"line":50,"column":7}},"13":{"start":{"line":48,"column":8},"end":{"line":48,"column":43}},"14":{"start":{"line":49,"column":8},"end":{"line":49,"column":23}},"15":{"start":{"line":51,"column":6},"end":{"line":51,"column":29}},"16":{"start":{"line":54,"column":6},"end":{"line":54,"column":19}},"17":{"start":{"line":55,"column":6},"end":{"line":55,"column":27}},"18":{"start":{"line":56,"column":6},"end":{"line":56,"column":25}},"19":{"start":{"line":59,"column":6},"end":{"line":59,"column":27}},"20":{"start":{"line":61,"column":6},"end":{"line":61,"column":25}},"21":{"start":{"line":62,"column":6},"end":{"line":62,"column":23}},"22":{"start":{"line":63,"column":6},"end":{"line":63,"column":56}},"23":{"start":{"line":77,"column":15},"end":{"line":77,"column":38}},"24":{"start":{"line":79,"column":33},"end":{"line":79,"column":58}},"25":{"start":{"line":80,"column":15},"end":{"line":80,"column":38}},"26":{"start":{"line":81,"column":19},"end":{"line":81,"column":38}},"27":{"start":{"line":82,"column":20},"end":{"line":82,"column":40}},"28":{"start":{"line":83,"column":24},"end":{"line":83,"column":48}},"29":{"start":{"line":84,"column":23},"end":{"line":84,"column":54}},"30":{"start":{"line":85,"column":24},"end":{"line":85,"column":57}},"31":{"start":{"line":87,"column":2},"end":{"line":140,"column":4}},"32":{"start":{"line":95,"column":26},"end":{"line":95,"column":47}},"33":{"start":{"line":99,"column":14},"end":{"line":99,"column":21}},"34":{"start":{"line":102,"column":14},"end":{"line":107,"column":27}},"35":{"start":{"line":102,"column":44},"end":{"line":102,"column":72}},"36":{"start":{"line":114,"column":40},"end":{"line":114,"column":63}},"37":{"start":{"line":122,"column":29},"end":{"line":122,"column":60}},"38":{"start":{"line":124,"column":36},"end":{"line":124,"column":44}},"39":{"start":{"line":148,"column":36},"end":{"line":148,"column":54}},"40":{"start":{"line":149,"column":28},"end":{"line":149,"column":56}},"41":{"start":{"line":151,"column":2},"end":{"line":153,"column":9}},"42":{"start":{"line":152,"column":4},"end":{"line":152,"column":43}},"43":{"start":{"line":156,"column":29},"end":{"line":156,"column":52}},"44":{"start":{"line":157,"column":18},"end":{"line":157,"column":44}},"45":{"start":{"line":159,"column":22},"end":{"line":159,"column":24}},"46":{"start":{"line":160,"column":2},"end":{"line":166,"column":3}},"47":{"start":{"line":160,"column":20},"end":{"line":160,"column":21}},"48":{"start":{"line":161,"column":4},"end":{"line":165,"column":5}},"49":{"start":{"line":161,"column":22},"end":{"line":161,"column":23}},"50":{"start":{"line":162,"column":6},"end":{"line":164,"column":7}},"51":{"start":{"line":163,"column":8},"end":{"line":163,"column":55}},"52":{"start":{"line":168,"column":25},"end":{"line":180,"column":3}},"53":{"start":{"line":170,"column":4},"end":{"line":179,"column":5}},"54":{"start":{"line":171,"column":6},"end":{"line":171,"column":43}},"55":{"start":{"line":173,"column":27},"end":{"line":175,"column":8}},"56":{"start":{"line":174,"column":8},"end":{"line":174,"column":37}},"57":{"start":{"line":176,"column":25},"end":{"line":177,"column":46}},"58":{"start":{"line":178,"column":6},"end":{"line":178,"column":24}},"59":{"start":{"line":181,"column":37},"end":{"line":181,"column":62}},"60":{"start":{"line":182,"column":18},"end":{"line":182,"column":44}},"61":{"start":{"line":183,"column":2},"end":{"line":263,"column":4}},"62":{"start":{"line":189,"column":10},"end":{"line":222,"column":19}},"63":{"start":{"line":204,"column":16},"end":{"line":218,"column":33}},"64":{"start":{"line":205,"column":19},"end":{"line":205,"column":35}},"65":{"start":{"line":225,"column":10},"end":{"line":258,"column":19}},"66":{"start":{"line":242,"column":16},"end":{"line":254,"column":33}},"67":{"start":{"line":243,"column":20},"end":{"line":243,"column":59}},"68":{"start":{"line":272,"column":40},"end":{"line":272,"column":65}},"69":{"start":{"line":273,"column":17},"end":{"line":273,"column":56}},"70":{"start":{"line":274,"column":21},"end":{"line":277,"column":31}},"71":{"start":{"line":278,"column":18},"end":{"line":278,"column":42}},"72":{"start":{"line":279,"column":22},"end":{"line":280,"column":15}},"73":{"start":{"line":281,"column":2},"end":{"line":386,"column":4}},"74":{"start":{"line":288,"column":10},"end":{"line":334,"column":19}},"75":{"start":{"line":312,"column":19},"end":{"line":312,"column":44}},"76":{"start":{"line":337,"column":10},"end":{"line":381,"column":19}},"77":{"start":{"line":359,"column":31},"end":{"line":359,"column":56}},"78":{"start":{"line":395,"column":43},"end":{"line":395,"column":69}},"79":{"start":{"line":396,"column":18},"end":{"line":396,"column":47}},"80":{"start":{"line":397,"column":2},"end":{"line":509,"column":4}},"81":{"start":{"line":404,"column":10},"end":{"line":453,"column":19}},"82":{"start":{"line":426,"column":33},"end":{"line":426,"column":57}},"83":{"start":{"line":456,"column":10},"end":{"line":504,"column":19}},"84":{"start":{"line":477,"column":33},"end":{"line":477,"column":57}}},"fnMap":{"0":{"name":"(anonymous_0)","decl":{"start":{"line":28,"column":23},"end":{"line":28,"column":24}},"loc":{"start":{"line":28,"column":51},"end":{"line":65,"column":1}},"line":28},"1":{"name":"(anonymous_1)","decl":{"start":{"line":46,"column":10},"end":{"line":46,"column":11}},"loc":{"start":{"line":46,"column":24},"end":{"line":52,"column":5}},"line":46},"2":{"name":"(anonymous_2)","decl":{"start":{"line":53,"column":10},"end":{"line":53,"column":11}},"loc":{"start":{"line":53,"column":20},"end":{"line":57,"column":5}},"line":53},"3":{"name":"(anonymous_3)","decl":{"start":{"line":58,"column":11},"end":{"line":58,"column":12}},"loc":{"start":{"line":58,"column":22},"end":{"line":64,"column":5}},"line":58},"4":{"name":"TitleDrawer","decl":{"start":{"line":76,"column":9},"end":{"line":76,"column":20}},"loc":{"start":{"line":76,"column":23},"end":{"line":141,"column":1}},"line":76},"5":{"name":"(anonymous_5)","decl":{"start":{"line":95,"column":19},"end":{"line":95,"column":20}},"loc":{"start":{"line":95,"column":26},"end":{"line":95,"column":47}},"line":95},"6":{"name":"(anonymous_6)","decl":{"start":{"line":98,"column":27},"end":{"line":98,"column":28}},"loc":{"start":{"line":99,"column":14},"end":{"line":99,"column":21}},"line":99},"7":{"name":"(anonymous_7)","decl":{"start":{"line":101,"column":26},"end":{"line":101,"column":27}},"loc":{"start":{"line":102,"column":14},"end":{"line":107,"column":27}},"line":102},"8":{"name":"(anonymous_8)","decl":{"start":{"line":102,"column":37},"end":{"line":102,"column":38}},"loc":{"start":{"line":102,"column":44},"end":{"line":102,"column":72}},"line":102},"9":{"name":"(anonymous_9)","decl":{"start":{"line":114,"column":33},"end":{"line":114,"column":34}},"loc":{"start":{"line":114,"column":40},"end":{"line":114,"column":63}},"line":114},"10":{"name":"(anonymous_10)","decl":{"start":{"line":122,"column":23},"end":{"line":122,"column":24}},"loc":{"start":{"line":122,"column":29},"end":{"line":122,"column":60}},"line":122},"11":{"name":"(anonymous_11)","decl":{"start":{"line":124,"column":29},"end":{"line":124,"column":30}},"loc":{"start":{"line":124,"column":36},"end":{"line":124,"column":44}},"line":124},"12":{"name":"NavbarDrawer","decl":{"start":{"line":146,"column":9},"end":{"line":146,"column":21}},"loc":{"start":{"line":146,"column":24},"end":{"line":264,"column":1}},"line":146},"13":{"name":"(anonymous_13)","decl":{"start":{"line":151,"column":18},"end":{"line":151,"column":19}},"loc":{"start":{"line":151,"column":24},"end":{"line":153,"column":3}},"line":151},"14":{"name":"(anonymous_14)","decl":{"start":{"line":168,"column":25},"end":{"line":168,"column":26}},"loc":{"start":{"line":168,"column":35},"end":{"line":180,"column":3}},"line":168},"15":{"name":"(anonymous_15)","decl":{"start":{"line":173,"column":40},"end":{"line":173,"column":41}},"loc":{"start":{"line":173,"column":53},"end":{"line":175,"column":7}},"line":173},"16":{"name":"(anonymous_16)","decl":{"start":{"line":188,"column":23},"end":{"line":188,"column":24}},"loc":{"start":{"line":189,"column":10},"end":{"line":222,"column":19}},"line":189},"17":{"name":"(anonymous_17)","decl":{"start":{"line":203,"column":30},"end":{"line":203,"column":31}},"loc":{"start":{"line":204,"column":16},"end":{"line":218,"column":33}},"line":204},"18":{"name":"(anonymous_18)","decl":{"start":{"line":204,"column":71},"end":{"line":204,"column":72}},"loc":{"start":{"line":205,"column":19},"end":{"line":205,"column":35}},"line":205},"19":{"name":"(anonymous_19)","decl":{"start":{"line":224,"column":25},"end":{"line":224,"column":26}},"loc":{"start":{"line":225,"column":10},"end":{"line":258,"column":19}},"line":225},"20":{"name":"(anonymous_20)","decl":{"start":{"line":241,"column":30},"end":{"line":241,"column":31}},"loc":{"start":{"line":242,"column":16},"end":{"line":254,"column":33}},"line":242},"21":{"name":"(anonymous_21)","decl":{"start":{"line":242,"column":71},"end":{"line":242,"column":72}},"loc":{"start":{"line":243,"column":20},"end":{"line":243,"column":59}},"line":243},"22":{"name":"ReadingDrawer","decl":{"start":{"line":270,"column":9},"end":{"line":270,"column":22}},"loc":{"start":{"line":270,"column":25},"end":{"line":387,"column":1}},"line":270},"23":{"name":"(anonymous_23)","decl":{"start":{"line":287,"column":23},"end":{"line":287,"column":24}},"loc":{"start":{"line":288,"column":10},"end":{"line":334,"column":19}},"line":288},"24":{"name":"(anonymous_24)","decl":{"start":{"line":311,"column":25},"end":{"line":311,"column":26}},"loc":{"start":{"line":312,"column":19},"end":{"line":312,"column":44}},"line":312},"25":{"name":"(anonymous_25)","decl":{"start":{"line":336,"column":25},"end":{"line":336,"column":26}},"loc":{"start":{"line":337,"column":10},"end":{"line":381,"column":19}},"line":337},"26":{"name":"(anonymous_26)","decl":{"start":{"line":359,"column":25},"end":{"line":359,"column":26}},"loc":{"start":{"line":359,"column":31},"end":{"line":359,"column":56}},"line":359},"27":{"name":"ComposeDrawer","decl":{"start":{"line":393,"column":9},"end":{"line":393,"column":22}},"loc":{"start":{"line":393,"column":25},"end":{"line":510,"column":1}},"line":393},"28":{"name":"(anonymous_28)","decl":{"start":{"line":403,"column":23},"end":{"line":403,"column":24}},"loc":{"start":{"line":404,"column":10},"end":{"line":453,"column":19}},"line":404},"29":{"name":"(anonymous_29)","decl":{"start":{"line":426,"column":27},"end":{"line":426,"column":28}},"loc":{"start":{"line":426,"column":33},"end":{"line":426,"column":57}},"line":426},"30":{"name":"(anonymous_30)","decl":{"start":{"line":455,"column":25},"end":{"line":455,"column":26}},"loc":{"start":{"line":456,"column":10},"end":{"line":504,"column":19}},"line":456},"31":{"name":"(anonymous_31)","decl":{"start":{"line":477,"column":27},"end":{"line":477,"column":28}},"loc":{"start":{"line":477,"column":33},"end":{"line":477,"column":57}},"line":477}},"branchMap":{"0":{"loc":{"start":{"line":31,"column":2},"end":{"line":34,"column":3}},"type":"if","locations":[{"start":{"line":31,"column":2},"end":{"line":34,"column":3}},{"start":{},"end":{}}],"line":31},"1":{"loc":{"start":{"line":36,"column":22},"end":{"line":36,"column":50}},"type":"cond-expr","locations":[{"start":{"line":36,"column":29},"end":{"line":36,"column":45}},{"start":{"line":36,"column":48},"end":{"line":36,"column":50}}],"line":36},"2":{"loc":{"start":{"line":47,"column":6},"end":{"line":50,"column":7}},"type":"if","locations":[{"start":{"line":47,"column":6},"end":{"line":50,"column":7}},{"start":{},"end":{}}],"line":47},"3":{"loc":{"start":{"line":81,"column":19},"end":{"line":81,"column":38}},"type":"cond-expr","locations":[{"start":{"line":81,"column":25},"end":{"line":81,"column":34}},{"start":{"line":81,"column":36},"end":{"line":81,"column":38}}],"line":81},"4":{"loc":{"start":{"line":82,"column":20},"end":{"line":82,"column":40}},"type":"cond-expr","locations":[{"start":{"line":82,"column":26},"end":{"line":82,"column":36}},{"start":{"line":82,"column":38},"end":{"line":82,"column":40}}],"line":82},"5":{"loc":{"start":{"line":83,"column":24},"end":{"line":83,"column":48}},"type":"cond-expr","locations":[{"start":{"line":83,"column":30},"end":{"line":83,"column":44}},{"start":{"line":83,"column":46},"end":{"line":83,"column":48}}],"line":83},"6":{"loc":{"start":{"line":84,"column":23},"end":{"line":84,"column":54}},"type":"cond-expr","locations":[{"start":{"line":84,"column":42},"end":{"line":84,"column":47}},{"start":{"line":84,"column":50},"end":{"line":84,"column":54}}],"line":84},"7":{"loc":{"start":{"line":85,"column":24},"end":{"line":85,"column":57}},"type":"cond-expr","locations":[{"start":{"line":85,"column":45},"end":{"line":85,"column":50}},{"start":{"line":85,"column":53},"end":{"line":85,"column":57}}],"line":85},"8":{"loc":{"start":{"line":131,"column":29},"end":{"line":131,"column":58}},"type":"cond-expr","locations":[{"start":{"line":131,"column":42},"end":{"line":131,"column":49}},{"start":{"line":131,"column":52},"end":{"line":131,"column":58}}],"line":131},"9":{"loc":{"start":{"line":162,"column":6},"end":{"line":164,"column":7}},"type":"if","locations":[{"start":{"line":162,"column":6},"end":{"line":164,"column":7}},{"start":{},"end":{}}],"line":162},"10":{"loc":{"start":{"line":170,"column":4},"end":{"line":179,"column":5}},"type":"if","locations":[{"start":{"line":170,"column":4},"end":{"line":179,"column":5}},{"start":{"line":172,"column":11},"end":{"line":179,"column":5}}],"line":170},"11":{"loc":{"start":{"line":176,"column":25},"end":{"line":177,"column":46}},"type":"cond-expr","locations":[{"start":{"line":177,"column":8},"end":{"line":177,"column":10}},{"start":{"line":177,"column":11},"end":{"line":177,"column":46}}],"line":176},"12":{"loc":{"start":{"line":182,"column":18},"end":{"line":182,"column":44}},"type":"cond-expr","locations":[{"start":{"line":182,"column":28},"end":{"line":182,"column":35}},{"start":{"line":182,"column":38},"end":{"line":182,"column":44}}],"line":182},"13":{"loc":{"start":{"line":209,"column":26},"end":{"line":209,"column":45}},"type":"cond-expr","locations":[{"start":{"line":209,"column":41},"end":{"line":209,"column":42}},{"start":{"line":209,"column":44},"end":{"line":209,"column":45}}],"line":209},"14":{"loc":{"start":{"line":273,"column":17},"end":{"line":273,"column":56}},"type":"cond-expr","locations":[{"start":{"line":273,"column":44},"end":{"line":273,"column":49}},{"start":{"line":273,"column":52},"end":{"line":273,"column":56}}],"line":273},"15":{"loc":{"start":{"line":278,"column":18},"end":{"line":278,"column":42}},"type":"cond-expr","locations":[{"start":{"line":278,"column":26},"end":{"line":278,"column":33}},{"start":{"line":278,"column":36},"end":{"line":278,"column":42}}],"line":278},"16":{"loc":{"start":{"line":279,"column":22},"end":{"line":280,"column":15}},"type":"cond-expr","locations":[{"start":{"line":279,"column":58},"end":{"line":279,"column":68}},{"start":{"line":280,"column":4},"end":{"line":280,"column":15}}],"line":279},"17":{"loc":{"start":{"line":396,"column":18},"end":{"line":396,"column":47}},"type":"cond-expr","locations":[{"start":{"line":396,"column":31},"end":{"line":396,"column":38}},{"start":{"line":396,"column":41},"end":{"line":396,"column":47}}],"line":396}},"s":{"0":1,"1":1,"2":1,"3":0,"4":0,"5":0,"6":0,"7":0,"8":0,"9":0,"10":0,"11":0,"12":0,"13":0,"14":0,"15":0,"16":0,"17":0,"18":0,"19":0,"20":0,"21":0,"22":0,"23":0,"24":0,"25":0,"26":0,"27":0,"28":0,"29":0,"30":0,"31":0,"32":0,"33":0,"34":0,"35":0,"36":0,"37":0,"38":0,"39":0,"40":0,"41":0,"42":0,"43":0,"44":0,"45":0,"46":0,"47":0,"48":0,"49":0,"50":0,"51":0,"52":0,"53":0,"54":0,"55":0,"56":0,"57":0,"58":0,"59":0,"60":0,"61":0,"62":0,"63":0,"64":0,"65":0,"66":0,"67":0,"68":0,"69":0,"70":0,"71":0,"72":0,"73":0,"74":0,"75":0,"76":0,"77":0,"78":0,"79":0,"80":0,"81":0,"82":0,"83":0,"84":0},"f":{"0":0,"1":0,"2":0,"3":0,"4":0,"5":0,"6":0,"7":0,"8":0,"9":0,"10":0,"11":0,"12":0,"13":0,"14":0,"15":0,"16":0,"17":0,"18":0,"19":0,"20":0,"21":0,"22":0,"23":0,"24":0,"25":0,"26":0,"27":0,"28":0,"29":0,"30":0,"31":0},"b":{"0":[0,0],"1":[0,0],"2":[0,0],"3":[0,0],"4":[0,0],"5":[0,0],"6":[0,0],"7":[0,0],"8":[0,0],"9":[0,0],"10":[0,0],"11":[0,0],"12":[0,0],"13":[0,0],"14":[0,0],"15":[0,0],"16":[0,0],"17":[0,0]},"_coverageSchema":"1a1c01bbd47fc00a2c39e90264f33305004495a9","hash":"9f51ecf4c85dcae95770cde20c1e2d2a0b6eda19"}
,"C:\\Users\\Adam\\Desktop\\Current Classes\\CSE186\\Assignment8\\frontend\\src\\DimensionsProvider.jsx": {"path":"C:\\Users\\Adam\\Desktop\\Current Classes\\CSE186\\Assignment8\\frontend\\src\\DimensionsProvider.jsx","statementMap":{"0":{"start":{"line":7,"column":26},"end":{"line":7,"column":41}},"1":{"start":{"line":9,"column":16},"end":{"line":12,"column":2}},"2":{"start":{"line":9,"column":23},"end":{"line":12,"column":1}},"3":{"start":{"line":14,"column":27},"end":{"line":30,"column":1}},"4":{"start":{"line":15,"column":38},"end":{"line":15,"column":55}},"5":{"start":{"line":16,"column":2},"end":{"line":24,"column":9}},"6":{"start":{"line":17,"column":25},"end":{"line":19,"column":5}},"7":{"start":{"line":18,"column":6},"end":{"line":18,"column":29}},"8":{"start":{"line":20,"column":4},"end":{"line":20,"column":52}},"9":{"start":{"line":21,"column":4},"end":{"line":23,"column":6}},"10":{"start":{"line":22,"column":6},"end":{"line":22,"column":57}},"11":{"start":{"line":25,"column":2},"end":{"line":29,"column":4}},"12":{"start":{"line":34,"column":29},"end":{"line":36,"column":1}},"13":{"start":{"line":35,"column":2},"end":{"line":35,"column":39}}},"fnMap":{"0":{"name":"(anonymous_0)","decl":{"start":{"line":9,"column":16},"end":{"line":9,"column":17}},"loc":{"start":{"line":9,"column":23},"end":{"line":12,"column":1}},"line":9},"1":{"name":"(anonymous_1)","decl":{"start":{"line":14,"column":27},"end":{"line":14,"column":28}},"loc":{"start":{"line":14,"column":43},"end":{"line":30,"column":1}},"line":14},"2":{"name":"(anonymous_2)","decl":{"start":{"line":16,"column":12},"end":{"line":16,"column":13}},"loc":{"start":{"line":16,"column":18},"end":{"line":24,"column":3}},"line":16},"3":{"name":"(anonymous_3)","decl":{"start":{"line":17,"column":25},"end":{"line":17,"column":26}},"loc":{"start":{"line":17,"column":31},"end":{"line":19,"column":5}},"line":17},"4":{"name":"(anonymous_4)","decl":{"start":{"line":21,"column":11},"end":{"line":21,"column":12}},"loc":{"start":{"line":21,"column":17},"end":{"line":23,"column":5}},"line":21},"5":{"name":"(anonymous_5)","decl":{"start":{"line":34,"column":29},"end":{"line":34,"column":30}},"loc":{"start":{"line":34,"column":35},"end":{"line":36,"column":1}},"line":34}},"branchMap":{},"s":{"0":1,"1":1,"2":0,"3":1,"4":0,"5":0,"6":0,"7":0,"8":0,"9":0,"10":0,"11":0,"12":1,"13":0},"f":{"0":0,"1":0,"2":0,"3":0,"4":0,"5":0},"b":{},"_coverageSchema":"1a1c01bbd47fc00a2c39e90264f33305004495a9","hash":"671b5c08b1be37391c9cbaa89ead7e9799bfa253"}
,"C:\\Users\\Adam\\Desktop\\Current Classes\\CSE186\\Assignment8\\frontend\\src\\Login.jsx": {"path":"C:\\Users\\Adam\\Desktop\\Current Classes\\CSE186\\Assignment8\\frontend\\src\\Login.jsx","statementMap":{"0":{"start":{"line":12,"column":26},"end":{"line":12,"column":67}},"1":{"start":{"line":13,"column":18},"end":{"line":13,"column":31}},"2":{"start":{"line":17,"column":28},"end":{"line":22,"column":3}},"3":{"start":{"line":18,"column":26},"end":{"line":18,"column":38}},"4":{"start":{"line":19,"column":14},"end":{"line":19,"column":18}},"5":{"start":{"line":20,"column":4},"end":{"line":20,"column":20}},"6":{"start":{"line":21,"column":4},"end":{"line":21,"column":15}},"7":{"start":{"line":25,"column":19},"end":{"line":63,"column":3}},"8":{"start":{"line":26,"column":4},"end":{"line":26,"column":29}},"9":{"start":{"line":27,"column":4},"end":{"line":27,"column":38}},"10":{"start":{"line":28,"column":4},"end":{"line":28,"column":27}},"11":{"start":{"line":29,"column":4},"end":{"line":29,"column":32}},"12":{"start":{"line":30,"column":4},"end":{"line":62,"column":9}},"13":{"start":{"line":38,"column":8},"end":{"line":38,"column":29}},"14":{"start":{"line":39,"column":8},"end":{"line":42,"column":9}},"15":{"start":{"line":40,"column":10},"end":{"line":40,"column":37}},"16":{"start":{"line":41,"column":10},"end":{"line":41,"column":20}},"17":{"start":{"line":43,"column":8},"end":{"line":43,"column":26}},"18":{"start":{"line":46,"column":8},"end":{"line":46,"column":29}},"19":{"start":{"line":48,"column":8},"end":{"line":48,"column":32}},"20":{"start":{"line":50,"column":8},"end":{"line":50,"column":69}},"21":{"start":{"line":51,"column":8},"end":{"line":51,"column":59}},"22":{"start":{"line":52,"column":22},"end":{"line":52,"column":42}},"23":{"start":{"line":53,"column":8},"end":{"line":53,"column":46}},"24":{"start":{"line":54,"column":8},"end":{"line":54,"column":36}},"25":{"start":{"line":55,"column":8},"end":{"line":55,"column":37}},"26":{"start":{"line":56,"column":8},"end":{"line":56,"column":21}},"27":{"start":{"line":60,"column":8},"end":{"line":60,"column":52}},"28":{"start":{"line":61,"column":8},"end":{"line":61,"column":25}},"29":{"start":{"line":65,"column":2},"end":{"line":98,"column":4}}},"fnMap":{"0":{"name":"Login","decl":{"start":{"line":11,"column":9},"end":{"line":11,"column":14}},"loc":{"start":{"line":11,"column":17},"end":{"line":99,"column":1}},"line":11},"1":{"name":"(anonymous_1)","decl":{"start":{"line":17,"column":28},"end":{"line":17,"column":29}},"loc":{"start":{"line":17,"column":39},"end":{"line":22,"column":3}},"line":17},"2":{"name":"(anonymous_2)","decl":{"start":{"line":25,"column":19},"end":{"line":25,"column":20}},"loc":{"start":{"line":25,"column":30},"end":{"line":63,"column":3}},"line":25},"3":{"name":"(anonymous_3)","decl":{"start":{"line":37,"column":12},"end":{"line":37,"column":13}},"loc":{"start":{"line":37,"column":21},"end":{"line":44,"column":7}},"line":37},"4":{"name":"(anonymous_4)","decl":{"start":{"line":45,"column":12},"end":{"line":45,"column":13}},"loc":{"start":{"line":45,"column":22},"end":{"line":57,"column":7}},"line":45},"5":{"name":"(anonymous_5)","decl":{"start":{"line":59,"column":13},"end":{"line":59,"column":14}},"loc":{"start":{"line":59,"column":22},"end":{"line":62,"column":7}},"line":59}},"branchMap":{"0":{"loc":{"start":{"line":39,"column":8},"end":{"line":42,"column":9}},"type":"if","locations":[{"start":{"line":39,"column":8},"end":{"line":42,"column":9}},{"start":{},"end":{}}],"line":39}},"s":{"0":6,"1":6,"2":6,"3":160,"4":160,"5":160,"6":160,"7":6,"8":5,"9":5,"10":5,"11":5,"12":5,"13":0,"14":0,"15":0,"16":0,"17":0,"18":0,"19":0,"20":0,"21":0,"22":0,"23":0,"24":0,"25":0,"26":0,"27":5,"28":5,"29":6},"f":{"0":6,"1":160,"2":5,"3":0,"4":0,"5":5},"b":{"0":[0,0]},"_coverageSchema":"1a1c01bbd47fc00a2c39e90264f33305004495a9","hash":"84f4bb4f84aeb9ce652e3de027c6456e7ce6bdf6"}
,"C:\\Users\\Adam\\Desktop\\Current Classes\\CSE186\\Assignment8\\frontend\\src\\Mailviewer.jsx": {"path":"C:\\Users\\Adam\\Desktop\\Current Classes\\CSE186\\Assignment8\\frontend\\src\\Mailviewer.jsx","statementMap":{"0":{"start":{"line":22,"column":15},"end":{"line":23,"column":33}},"1":{"start":{"line":24,"column":17},"end":{"line":24,"column":27}},"2":{"start":{"line":26,"column":21},"end":{"line":62,"column":1}},"3":{"start":{"line":27,"column":2},"end":{"line":27,"column":34}},"4":{"start":{"line":28,"column":15},"end":{"line":28,"column":43}},"5":{"start":{"line":29,"column":2},"end":{"line":31,"column":3}},"6":{"start":{"line":30,"column":4},"end":{"line":30,"column":11}},"7":{"start":{"line":32,"column":15},"end":{"line":32,"column":31}},"8":{"start":{"line":33,"column":2},"end":{"line":33,"column":36}},"9":{"start":{"line":34,"column":22},"end":{"line":34,"column":50}},"10":{"start":{"line":35,"column":2},"end":{"line":61,"column":7}},"11":{"start":{"line":44,"column":6},"end":{"line":46,"column":7}},"12":{"start":{"line":45,"column":8},"end":{"line":45,"column":23}},"13":{"start":{"line":47,"column":6},"end":{"line":47,"column":29}},"14":{"start":{"line":50,"column":6},"end":{"line":50,"column":19}},"15":{"start":{"line":51,"column":6},"end":{"line":51,"column":23}},"16":{"start":{"line":52,"column":6},"end":{"line":52,"column":53}},"17":{"start":{"line":55,"column":6},"end":{"line":55,"column":41}},"18":{"start":{"line":56,"column":6},"end":{"line":56,"column":25}},"19":{"start":{"line":57,"column":23},"end":{"line":57,"column":36}},"20":{"start":{"line":58,"column":6},"end":{"line":58,"column":25}},"21":{"start":{"line":59,"column":6},"end":{"line":59,"column":21}},"22":{"start":{"line":60,"column":6},"end":{"line":60,"column":56}},"23":{"start":{"line":64,"column":21},"end":{"line":97,"column":1}},"24":{"start":{"line":65,"column":2},"end":{"line":65,"column":46}},"25":{"start":{"line":66,"column":15},"end":{"line":66,"column":43}},"26":{"start":{"line":67,"column":2},"end":{"line":71,"column":3}},"27":{"start":{"line":68,"column":4},"end":{"line":68,"column":44}},"28":{"start":{"line":69,"column":4},"end":{"line":69,"column":30}},"29":{"start":{"line":70,"column":4},"end":{"line":70,"column":11}},"30":{"start":{"line":72,"column":15},"end":{"line":72,"column":31}},"31":{"start":{"line":73,"column":22},"end":{"line":73,"column":50}},"32":{"start":{"line":74,"column":2},"end":{"line":96,"column":7}},"33":{"start":{"line":83,"column":6},"end":{"line":85,"column":7}},"34":{"start":{"line":84,"column":8},"end":{"line":84,"column":23}},"35":{"start":{"line":86,"column":6},"end":{"line":86,"column":29}},"36":{"start":{"line":89,"column":6},"end":{"line":89,"column":43}},"37":{"start":{"line":90,"column":6},"end":{"line":90,"column":27}},"38":{"start":{"line":93,"column":6},"end":{"line":93,"column":50}},"39":{"start":{"line":94,"column":6},"end":{"line":94,"column":25}},"40":{"start":{"line":95,"column":6},"end":{"line":95,"column":32}},"41":{"start":{"line":99,"column":28},"end":{"line":121,"column":1}},"42":{"start":{"line":100,"column":2},"end":{"line":100,"column":48}},"43":{"start":{"line":101,"column":15},"end":{"line":101,"column":43}},"44":{"start":{"line":102,"column":2},"end":{"line":104,"column":3}},"45":{"start":{"line":103,"column":4},"end":{"line":103,"column":11}},"46":{"start":{"line":105,"column":15},"end":{"line":105,"column":31}},"47":{"start":{"line":106,"column":22},"end":{"line":106,"column":50}},"48":{"start":{"line":107,"column":2},"end":{"line":120,"column":7}},"49":{"start":{"line":116,"column":6},"end":{"line":118,"column":7}},"50":{"start":{"line":117,"column":8},"end":{"line":117,"column":23}},"51":{"start":{"line":119,"column":6},"end":{"line":119,"column":41}},"52":{"start":{"line":123,"column":25},"end":{"line":145,"column":1}},"53":{"start":{"line":124,"column":2},"end":{"line":124,"column":45}},"54":{"start":{"line":125,"column":15},"end":{"line":125,"column":43}},"55":{"start":{"line":126,"column":2},"end":{"line":128,"column":3}},"56":{"start":{"line":127,"column":4},"end":{"line":127,"column":11}},"57":{"start":{"line":129,"column":15},"end":{"line":129,"column":31}},"58":{"start":{"line":130,"column":22},"end":{"line":130,"column":50}},"59":{"start":{"line":131,"column":2},"end":{"line":144,"column":7}},"60":{"start":{"line":140,"column":6},"end":{"line":142,"column":7}},"61":{"start":{"line":141,"column":8},"end":{"line":141,"column":23}},"62":{"start":{"line":143,"column":6},"end":{"line":143,"column":41}},"63":{"start":{"line":151,"column":15},"end":{"line":151,"column":55}},"64":{"start":{"line":152,"column":19},"end":{"line":152,"column":32}},"65":{"start":{"line":153,"column":17},"end":{"line":156,"column":3}},"66":{"start":{"line":154,"column":4},"end":{"line":154,"column":36}},"67":{"start":{"line":155,"column":4},"end":{"line":155,"column":23}},"68":{"start":{"line":157,"column":32},"end":{"line":157,"column":50}},"69":{"start":{"line":158,"column":28},"end":{"line":158,"column":56}},"70":{"start":{"line":160,"column":2},"end":{"line":162,"column":9}},"71":{"start":{"line":161,"column":4},"end":{"line":161,"column":39}},"72":{"start":{"line":165,"column":22},"end":{"line":165,"column":24}},"73":{"start":{"line":166,"column":2},"end":{"line":172,"column":3}},"74":{"start":{"line":166,"column":20},"end":{"line":166,"column":21}},"75":{"start":{"line":167,"column":4},"end":{"line":171,"column":5}},"76":{"start":{"line":167,"column":22},"end":{"line":167,"column":23}},"77":{"start":{"line":168,"column":6},"end":{"line":170,"column":7}},"78":{"start":{"line":169,"column":8},"end":{"line":169,"column":55}},"79":{"start":{"line":180,"column":41},"end":{"line":180,"column":56}},"80":{"start":{"line":182,"column":26},"end":{"line":182,"column":43}},"81":{"start":{"line":184,"column":34},"end":{"line":184,"column":49}},"82":{"start":{"line":186,"column":40},"end":{"line":186,"column":55}},"83":{"start":{"line":188,"column":40},"end":{"line":188,"column":65}},"84":{"start":{"line":190,"column":23},"end":{"line":192,"column":4}},"85":{"start":{"line":191,"column":4},"end":{"line":191,"column":33}},"86":{"start":{"line":193,"column":28},"end":{"line":193,"column":65}},"87":{"start":{"line":194,"column":22},"end":{"line":195,"column":21}},"88":{"start":{"line":198,"column":21},"end":{"line":201,"column":3}},"89":{"start":{"line":199,"column":4},"end":{"line":199,"column":30}},"90":{"start":{"line":200,"column":4},"end":{"line":200,"column":29}},"91":{"start":{"line":202,"column":25},"end":{"line":209,"column":3}},"92":{"start":{"line":203,"column":4},"end":{"line":208,"column":5}},"93":{"start":{"line":204,"column":6},"end":{"line":204,"column":24}},"94":{"start":{"line":205,"column":11},"end":{"line":208,"column":5}},"95":{"start":{"line":206,"column":6},"end":{"line":206,"column":24}},"96":{"start":{"line":210,"column":28},"end":{"line":217,"column":3}},"97":{"start":{"line":211,"column":4},"end":{"line":216,"column":5}},"98":{"start":{"line":212,"column":6},"end":{"line":212,"column":27}},"99":{"start":{"line":213,"column":11},"end":{"line":216,"column":5}},"100":{"start":{"line":214,"column":6},"end":{"line":214,"column":27}},"101":{"start":{"line":218,"column":29},"end":{"line":223,"column":3}},"102":{"start":{"line":220,"column":4},"end":{"line":220,"column":65}},"103":{"start":{"line":221,"column":4},"end":{"line":221,"column":26}},"104":{"start":{"line":222,"column":4},"end":{"line":222,"column":41}},"105":{"start":{"line":224,"column":27},"end":{"line":244,"column":3}},"106":{"start":{"line":227,"column":20},"end":{"line":229,"column":6}},"107":{"start":{"line":228,"column":6},"end":{"line":228,"column":35}},"108":{"start":{"line":230,"column":4},"end":{"line":243,"column":5}},"109":{"start":{"line":231,"column":20},"end":{"line":233,"column":8}},"110":{"start":{"line":232,"column":8},"end":{"line":232,"column":33}},"111":{"start":{"line":234,"column":6},"end":{"line":238,"column":7}},"112":{"start":{"line":235,"column":8},"end":{"line":235,"column":55}},"113":{"start":{"line":237,"column":8},"end":{"line":237,"column":36}},"114":{"start":{"line":239,"column":11},"end":{"line":243,"column":5}},"115":{"start":{"line":240,"column":6},"end":{"line":240,"column":53}},"116":{"start":{"line":242,"column":6},"end":{"line":242,"column":34}},"117":{"start":{"line":245,"column":31},"end":{"line":253,"column":3}},"118":{"start":{"line":246,"column":4},"end":{"line":246,"column":28}},"119":{"start":{"line":248,"column":18},"end":{"line":250,"column":6}},"120":{"start":{"line":249,"column":6},"end":{"line":249,"column":31}},"121":{"start":{"line":251,"column":25},"end":{"line":251,"column":77}},"122":{"start":{"line":252,"column":4},"end":{"line":252,"column":65}},"123":{"start":{"line":254,"column":21},"end":{"line":285,"column":3}},"124":{"start":{"line":255,"column":20},"end":{"line":257,"column":6}},"125":{"start":{"line":256,"column":6},"end":{"line":256,"column":35}},"126":{"start":{"line":258,"column":4},"end":{"line":284,"column":5}},"127":{"start":{"line":259,"column":20},"end":{"line":261,"column":8}},"128":{"start":{"line":260,"column":8},"end":{"line":260,"column":33}},"129":{"start":{"line":262,"column":6},"end":{"line":268,"column":7}},"130":{"start":{"line":263,"column":8},"end":{"line":264,"column":35}},"131":{"start":{"line":266,"column":8},"end":{"line":267,"column":54}},"132":{"start":{"line":269,"column":11},"end":{"line":284,"column":5}},"133":{"start":{"line":270,"column":6},"end":{"line":283,"column":7}},"134":{"start":{"line":270,"column":17},"end":{"line":270,"column":18}},"135":{"start":{"line":271,"column":22},"end":{"line":273,"column":10}},"136":{"start":{"line":272,"column":10},"end":{"line":272,"column":35}},"137":{"start":{"line":274,"column":8},"end":{"line":282,"column":9}},"138":{"start":{"line":275,"column":10},"end":{"line":281,"column":11}},"139":{"start":{"line":276,"column":12},"end":{"line":277,"column":39}},"140":{"start":{"line":279,"column":12},"end":{"line":280,"column":58}},"141":{"start":{"line":286,"column":24},"end":{"line":317,"column":3}},"142":{"start":{"line":287,"column":20},"end":{"line":289,"column":6}},"143":{"start":{"line":288,"column":6},"end":{"line":288,"column":35}},"144":{"start":{"line":290,"column":4},"end":{"line":316,"column":5}},"145":{"start":{"line":291,"column":20},"end":{"line":293,"column":8}},"146":{"start":{"line":292,"column":8},"end":{"line":292,"column":33}},"147":{"start":{"line":294,"column":6},"end":{"line":300,"column":7}},"148":{"start":{"line":295,"column":8},"end":{"line":296,"column":35}},"149":{"start":{"line":298,"column":8},"end":{"line":299,"column":52}},"150":{"start":{"line":301,"column":11},"end":{"line":316,"column":5}},"151":{"start":{"line":302,"column":6},"end":{"line":315,"column":7}},"152":{"start":{"line":302,"column":17},"end":{"line":302,"column":18}},"153":{"start":{"line":303,"column":22},"end":{"line":305,"column":10}},"154":{"start":{"line":304,"column":10},"end":{"line":304,"column":35}},"155":{"start":{"line":306,"column":8},"end":{"line":314,"column":9}},"156":{"start":{"line":307,"column":10},"end":{"line":313,"column":11}},"157":{"start":{"line":308,"column":12},"end":{"line":309,"column":39}},"158":{"start":{"line":311,"column":12},"end":{"line":312,"column":56}},"159":{"start":{"line":318,"column":2},"end":{"line":379,"column":4}},"160":{"start":{"line":344,"column":14},"end":{"line":365,"column":25}},"161":{"start":{"line":347,"column":26},"end":{"line":347,"column":54}},"162":{"start":{"line":358,"column":21},"end":{"line":358,"column":58}},"163":{"start":{"line":387,"column":18},"end":{"line":387,"column":32}},"164":{"start":{"line":388,"column":19},"end":{"line":389,"column":70}},"165":{"start":{"line":390,"column":18},"end":{"line":391,"column":68}},"166":{"start":{"line":393,"column":2},"end":{"line":411,"column":3}},"167":{"start":{"line":395,"column":4},"end":{"line":396,"column":55}},"168":{"start":{"line":398,"column":9},"end":{"line":411,"column":3}},"169":{"start":{"line":403,"column":4},"end":{"line":407,"column":5}},"170":{"start":{"line":404,"column":6},"end":{"line":404,"column":66}},"171":{"start":{"line":406,"column":6},"end":{"line":406,"column":60}},"172":{"start":{"line":410,"column":4},"end":{"line":410,"column":33}}},"fnMap":{"0":{"name":"(anonymous_0)","decl":{"start":{"line":26,"column":21},"end":{"line":26,"column":22}},"loc":{"start":{"line":26,"column":47},"end":{"line":62,"column":1}},"line":26},"1":{"name":"(anonymous_1)","decl":{"start":{"line":43,"column":10},"end":{"line":43,"column":11}},"loc":{"start":{"line":43,"column":24},"end":{"line":48,"column":5}},"line":43},"2":{"name":"(anonymous_2)","decl":{"start":{"line":49,"column":10},"end":{"line":49,"column":11}},"loc":{"start":{"line":49,"column":20},"end":{"line":53,"column":5}},"line":49},"3":{"name":"(anonymous_3)","decl":{"start":{"line":54,"column":11},"end":{"line":54,"column":12}},"loc":{"start":{"line":54,"column":22},"end":{"line":61,"column":5}},"line":54},"4":{"name":"(anonymous_4)","decl":{"start":{"line":64,"column":21},"end":{"line":64,"column":22}},"loc":{"start":{"line":64,"column":51},"end":{"line":97,"column":1}},"line":64},"5":{"name":"(anonymous_5)","decl":{"start":{"line":82,"column":10},"end":{"line":82,"column":11}},"loc":{"start":{"line":82,"column":24},"end":{"line":87,"column":5}},"line":82},"6":{"name":"(anonymous_6)","decl":{"start":{"line":88,"column":10},"end":{"line":88,"column":11}},"loc":{"start":{"line":88,"column":20},"end":{"line":91,"column":5}},"line":88},"7":{"name":"(anonymous_7)","decl":{"start":{"line":92,"column":11},"end":{"line":92,"column":12}},"loc":{"start":{"line":92,"column":22},"end":{"line":96,"column":5}},"line":92},"8":{"name":"(anonymous_8)","decl":{"start":{"line":99,"column":28},"end":{"line":99,"column":29}},"loc":{"start":{"line":99,"column":69},"end":{"line":121,"column":1}},"line":99},"9":{"name":"(anonymous_9)","decl":{"start":{"line":115,"column":10},"end":{"line":115,"column":11}},"loc":{"start":{"line":115,"column":24},"end":{"line":120,"column":5}},"line":115},"10":{"name":"(anonymous_10)","decl":{"start":{"line":123,"column":25},"end":{"line":123,"column":26}},"loc":{"start":{"line":123,"column":63},"end":{"line":145,"column":1}},"line":123},"11":{"name":"(anonymous_11)","decl":{"start":{"line":139,"column":10},"end":{"line":139,"column":11}},"loc":{"start":{"line":139,"column":24},"end":{"line":144,"column":5}},"line":139},"12":{"name":"Mailviewer","decl":{"start":{"line":149,"column":9},"end":{"line":149,"column":19}},"loc":{"start":{"line":149,"column":22},"end":{"line":380,"column":1}},"line":149},"13":{"name":"(anonymous_13)","decl":{"start":{"line":153,"column":17},"end":{"line":153,"column":18}},"loc":{"start":{"line":153,"column":23},"end":{"line":156,"column":3}},"line":153},"14":{"name":"(anonymous_14)","decl":{"start":{"line":160,"column":18},"end":{"line":160,"column":19}},"loc":{"start":{"line":160,"column":24},"end":{"line":162,"column":3}},"line":160},"15":{"name":"(anonymous_15)","decl":{"start":{"line":190,"column":36},"end":{"line":190,"column":37}},"loc":{"start":{"line":190,"column":49},"end":{"line":192,"column":3}},"line":190},"16":{"name":"(anonymous_16)","decl":{"start":{"line":198,"column":21},"end":{"line":198,"column":22}},"loc":{"start":{"line":198,"column":31},"end":{"line":201,"column":3}},"line":198},"17":{"name":"(anonymous_17)","decl":{"start":{"line":202,"column":25},"end":{"line":202,"column":26}},"loc":{"start":{"line":202,"column":35},"end":{"line":209,"column":3}},"line":202},"18":{"name":"(anonymous_18)","decl":{"start":{"line":210,"column":28},"end":{"line":210,"column":29}},"loc":{"start":{"line":210,"column":38},"end":{"line":217,"column":3}},"line":210},"19":{"name":"(anonymous_19)","decl":{"start":{"line":218,"column":29},"end":{"line":218,"column":30}},"loc":{"start":{"line":218,"column":41},"end":{"line":223,"column":3}},"line":218},"20":{"name":"(anonymous_20)","decl":{"start":{"line":224,"column":27},"end":{"line":224,"column":28}},"loc":{"start":{"line":224,"column":35},"end":{"line":244,"column":3}},"line":224},"21":{"name":"(anonymous_21)","decl":{"start":{"line":227,"column":38},"end":{"line":227,"column":39}},"loc":{"start":{"line":227,"column":51},"end":{"line":229,"column":5}},"line":227},"22":{"name":"(anonymous_22)","decl":{"start":{"line":231,"column":47},"end":{"line":231,"column":48}},"loc":{"start":{"line":231,"column":58},"end":{"line":233,"column":7}},"line":231},"23":{"name":"(anonymous_23)","decl":{"start":{"line":245,"column":31},"end":{"line":245,"column":32}},"loc":{"start":{"line":245,"column":46},"end":{"line":253,"column":3}},"line":245},"24":{"name":"(anonymous_24)","decl":{"start":{"line":248,"column":35},"end":{"line":248,"column":36}},"loc":{"start":{"line":248,"column":46},"end":{"line":250,"column":5}},"line":248},"25":{"name":"(anonymous_25)","decl":{"start":{"line":254,"column":21},"end":{"line":254,"column":22}},"loc":{"start":{"line":254,"column":29},"end":{"line":285,"column":3}},"line":254},"26":{"name":"(anonymous_26)","decl":{"start":{"line":255,"column":38},"end":{"line":255,"column":39}},"loc":{"start":{"line":255,"column":51},"end":{"line":257,"column":5}},"line":255},"27":{"name":"(anonymous_27)","decl":{"start":{"line":259,"column":47},"end":{"line":259,"column":48}},"loc":{"start":{"line":259,"column":58},"end":{"line":261,"column":7}},"line":259},"28":{"name":"(anonymous_28)","decl":{"start":{"line":271,"column":43},"end":{"line":271,"column":44}},"loc":{"start":{"line":271,"column":54},"end":{"line":273,"column":9}},"line":271},"29":{"name":"(anonymous_29)","decl":{"start":{"line":286,"column":24},"end":{"line":286,"column":25}},"loc":{"start":{"line":286,"column":32},"end":{"line":317,"column":3}},"line":286},"30":{"name":"(anonymous_30)","decl":{"start":{"line":287,"column":38},"end":{"line":287,"column":39}},"loc":{"start":{"line":287,"column":51},"end":{"line":289,"column":5}},"line":287},"31":{"name":"(anonymous_31)","decl":{"start":{"line":291,"column":47},"end":{"line":291,"column":48}},"loc":{"start":{"line":291,"column":58},"end":{"line":293,"column":7}},"line":291},"32":{"name":"(anonymous_32)","decl":{"start":{"line":303,"column":43},"end":{"line":303,"column":44}},"loc":{"start":{"line":303,"column":54},"end":{"line":305,"column":9}},"line":303},"33":{"name":"(anonymous_33)","decl":{"start":{"line":343,"column":29},"end":{"line":343,"column":30}},"loc":{"start":{"line":344,"column":14},"end":{"line":365,"column":25}},"line":344},"34":{"name":"(anonymous_34)","decl":{"start":{"line":347,"column":19},"end":{"line":347,"column":20}},"loc":{"start":{"line":347,"column":26},"end":{"line":347,"column":54}},"line":347},"35":{"name":"(anonymous_35)","decl":{"start":{"line":357,"column":41},"end":{"line":357,"column":42}},"loc":{"start":{"line":358,"column":21},"end":{"line":358,"column":58}},"line":358},"36":{"name":"dateFormatting","decl":{"start":{"line":386,"column":9},"end":{"line":386,"column":23}},"loc":{"start":{"line":386,"column":30},"end":{"line":412,"column":1}},"line":386}},"branchMap":{"0":{"loc":{"start":{"line":29,"column":2},"end":{"line":31,"column":3}},"type":"if","locations":[{"start":{"line":29,"column":2},"end":{"line":31,"column":3}},{"start":{},"end":{}}],"line":29},"1":{"loc":{"start":{"line":34,"column":22},"end":{"line":34,"column":50}},"type":"cond-expr","locations":[{"start":{"line":34,"column":29},"end":{"line":34,"column":45}},{"start":{"line":34,"column":48},"end":{"line":34,"column":50}}],"line":34},"2":{"loc":{"start":{"line":44,"column":6},"end":{"line":46,"column":7}},"type":"if","locations":[{"start":{"line":44,"column":6},"end":{"line":46,"column":7}},{"start":{},"end":{}}],"line":44},"3":{"loc":{"start":{"line":67,"column":2},"end":{"line":71,"column":3}},"type":"if","locations":[{"start":{"line":67,"column":2},"end":{"line":71,"column":3}},{"start":{},"end":{}}],"line":67},"4":{"loc":{"start":{"line":67,"column":6},"end":{"line":67,"column":30}},"type":"binary-expr","locations":[{"start":{"line":67,"column":6},"end":{"line":67,"column":11}},{"start":{"line":67,"column":15},"end":{"line":67,"column":30}}],"line":67},"5":{"loc":{"start":{"line":73,"column":22},"end":{"line":73,"column":50}},"type":"cond-expr","locations":[{"start":{"line":73,"column":29},"end":{"line":73,"column":45}},{"start":{"line":73,"column":48},"end":{"line":73,"column":50}}],"line":73},"6":{"loc":{"start":{"line":83,"column":6},"end":{"line":85,"column":7}},"type":"if","locations":[{"start":{"line":83,"column":6},"end":{"line":85,"column":7}},{"start":{},"end":{}}],"line":83},"7":{"loc":{"start":{"line":102,"column":2},"end":{"line":104,"column":3}},"type":"if","locations":[{"start":{"line":102,"column":2},"end":{"line":104,"column":3}},{"start":{},"end":{}}],"line":102},"8":{"loc":{"start":{"line":106,"column":22},"end":{"line":106,"column":50}},"type":"cond-expr","locations":[{"start":{"line":106,"column":29},"end":{"line":106,"column":45}},{"start":{"line":106,"column":48},"end":{"line":106,"column":50}}],"line":106},"9":{"loc":{"start":{"line":116,"column":6},"end":{"line":118,"column":7}},"type":"if","locations":[{"start":{"line":116,"column":6},"end":{"line":118,"column":7}},{"start":{},"end":{}}],"line":116},"10":{"loc":{"start":{"line":126,"column":2},"end":{"line":128,"column":3}},"type":"if","locations":[{"start":{"line":126,"column":2},"end":{"line":128,"column":3}},{"start":{},"end":{}}],"line":126},"11":{"loc":{"start":{"line":130,"column":22},"end":{"line":130,"column":50}},"type":"cond-expr","locations":[{"start":{"line":130,"column":29},"end":{"line":130,"column":45}},{"start":{"line":130,"column":48},"end":{"line":130,"column":50}}],"line":130},"12":{"loc":{"start":{"line":140,"column":6},"end":{"line":142,"column":7}},"type":"if","locations":[{"start":{"line":140,"column":6},"end":{"line":142,"column":7}},{"start":{},"end":{}}],"line":140},"13":{"loc":{"start":{"line":168,"column":6},"end":{"line":170,"column":7}},"type":"if","locations":[{"start":{"line":168,"column":6},"end":{"line":170,"column":7}},{"start":{},"end":{}}],"line":168},"14":{"loc":{"start":{"line":193,"column":28},"end":{"line":193,"column":65}},"type":"cond-expr","locations":[{"start":{"line":193,"column":49},"end":{"line":193,"column":51}},{"start":{"line":193,"column":54},"end":{"line":193,"column":65}}],"line":193},"15":{"loc":{"start":{"line":194,"column":22},"end":{"line":195,"column":21}},"type":"cond-expr","locations":[{"start":{"line":194,"column":61},"end":{"line":194,"column":78}},{"start":{"line":195,"column":4},"end":{"line":195,"column":21}}],"line":194},"16":{"loc":{"start":{"line":203,"column":4},"end":{"line":208,"column":5}},"type":"if","locations":[{"start":{"line":203,"column":4},"end":{"line":208,"column":5}},{"start":{"line":205,"column":11},"end":{"line":208,"column":5}}],"line":203},"17":{"loc":{"start":{"line":203,"column":8},"end":{"line":203,"column":47}},"type":"binary-expr","locations":[{"start":{"line":203,"column":9},"end":{"line":203,"column":26}},{"start":{"line":203,"column":32},"end":{"line":203,"column":46}}],"line":203},"18":{"loc":{"start":{"line":205,"column":11},"end":{"line":208,"column":5}},"type":"if","locations":[{"start":{"line":205,"column":11},"end":{"line":208,"column":5}},{"start":{"line":207,"column":11},"end":{"line":208,"column":5}}],"line":205},"19":{"loc":{"start":{"line":205,"column":15},"end":{"line":205,"column":54}},"type":"binary-expr","locations":[{"start":{"line":205,"column":16},"end":{"line":205,"column":34}},{"start":{"line":205,"column":40},"end":{"line":205,"column":53}}],"line":205},"20":{"loc":{"start":{"line":211,"column":4},"end":{"line":216,"column":5}},"type":"if","locations":[{"start":{"line":211,"column":4},"end":{"line":216,"column":5}},{"start":{"line":213,"column":11},"end":{"line":216,"column":5}}],"line":211},"21":{"loc":{"start":{"line":211,"column":8},"end":{"line":211,"column":50}},"type":"binary-expr","locations":[{"start":{"line":211,"column":9},"end":{"line":211,"column":29}},{"start":{"line":211,"column":35},"end":{"line":211,"column":49}}],"line":211},"22":{"loc":{"start":{"line":213,"column":11},"end":{"line":216,"column":5}},"type":"if","locations":[{"start":{"line":213,"column":11},"end":{"line":216,"column":5}},{"start":{"line":215,"column":11},"end":{"line":216,"column":5}}],"line":213},"23":{"loc":{"start":{"line":213,"column":15},"end":{"line":213,"column":57}},"type":"binary-expr","locations":[{"start":{"line":213,"column":16},"end":{"line":213,"column":37}},{"start":{"line":213,"column":43},"end":{"line":213,"column":56}}],"line":213},"24":{"loc":{"start":{"line":230,"column":4},"end":{"line":243,"column":5}},"type":"if","locations":[{"start":{"line":230,"column":4},"end":{"line":243,"column":5}},{"start":{"line":239,"column":11},"end":{"line":243,"column":5}}],"line":230},"25":{"loc":{"start":{"line":234,"column":6},"end":{"line":238,"column":7}},"type":"if","locations":[{"start":{"line":234,"column":6},"end":{"line":238,"column":7}},{"start":{"line":236,"column":13},"end":{"line":238,"column":7}}],"line":234},"26":{"loc":{"start":{"line":239,"column":11},"end":{"line":243,"column":5}},"type":"if","locations":[{"start":{"line":239,"column":11},"end":{"line":243,"column":5}},{"start":{"line":241,"column":11},"end":{"line":243,"column":5}}],"line":239},"27":{"loc":{"start":{"line":251,"column":25},"end":{"line":251,"column":77}},"type":"cond-expr","locations":[{"start":{"line":251,"column":56},"end":{"line":251,"column":61}},{"start":{"line":251,"column":64},"end":{"line":251,"column":77}}],"line":251},"28":{"loc":{"start":{"line":258,"column":4},"end":{"line":284,"column":5}},"type":"if","locations":[{"start":{"line":258,"column":4},"end":{"line":284,"column":5}},{"start":{"line":269,"column":11},"end":{"line":284,"column":5}}],"line":258},"29":{"loc":{"start":{"line":262,"column":6},"end":{"line":268,"column":7}},"type":"if","locations":[{"start":{"line":262,"column":6},"end":{"line":268,"column":7}},{"start":{"line":265,"column":13},"end":{"line":268,"column":7}}],"line":262},"30":{"loc":{"start":{"line":269,"column":11},"end":{"line":284,"column":5}},"type":"if","locations":[{"start":{"line":269,"column":11},"end":{"line":284,"column":5}},{"start":{},"end":{}}],"line":269},"31":{"loc":{"start":{"line":274,"column":8},"end":{"line":282,"column":9}},"type":"if","locations":[{"start":{"line":274,"column":8},"end":{"line":282,"column":9}},{"start":{},"end":{}}],"line":274},"32":{"loc":{"start":{"line":275,"column":10},"end":{"line":281,"column":11}},"type":"if","locations":[{"start":{"line":275,"column":10},"end":{"line":281,"column":11}},{"start":{"line":278,"column":17},"end":{"line":281,"column":11}}],"line":275},"33":{"loc":{"start":{"line":290,"column":4},"end":{"line":316,"column":5}},"type":"if","locations":[{"start":{"line":290,"column":4},"end":{"line":316,"column":5}},{"start":{"line":301,"column":11},"end":{"line":316,"column":5}}],"line":290},"34":{"loc":{"start":{"line":294,"column":6},"end":{"line":300,"column":7}},"type":"if","locations":[{"start":{"line":294,"column":6},"end":{"line":300,"column":7}},{"start":{"line":297,"column":13},"end":{"line":300,"column":7}}],"line":294},"35":{"loc":{"start":{"line":301,"column":11},"end":{"line":316,"column":5}},"type":"if","locations":[{"start":{"line":301,"column":11},"end":{"line":316,"column":5}},{"start":{},"end":{}}],"line":301},"36":{"loc":{"start":{"line":306,"column":8},"end":{"line":314,"column":9}},"type":"if","locations":[{"start":{"line":306,"column":8},"end":{"line":314,"column":9}},{"start":{},"end":{}}],"line":306},"37":{"loc":{"start":{"line":307,"column":10},"end":{"line":313,"column":11}},"type":"if","locations":[{"start":{"line":307,"column":10},"end":{"line":313,"column":11}},{"start":{"line":310,"column":17},"end":{"line":313,"column":11}}],"line":307},"38":{"loc":{"start":{"line":393,"column":2},"end":{"line":411,"column":3}},"type":"if","locations":[{"start":{"line":393,"column":2},"end":{"line":411,"column":3}},{"start":{"line":398,"column":9},"end":{"line":411,"column":3}}],"line":393},"39":{"loc":{"start":{"line":398,"column":9},"end":{"line":411,"column":3}},"type":"if","locations":[{"start":{"line":398,"column":9},"end":{"line":411,"column":3}},{"start":{"line":409,"column":9},"end":{"line":411,"column":3}}],"line":398},"40":{"loc":{"start":{"line":403,"column":4},"end":{"line":407,"column":5}},"type":"if","locations":[{"start":{"line":403,"column":4},"end":{"line":407,"column":5}},{"start":{"line":405,"column":11},"end":{"line":407,"column":5}}],"line":403}},"s":{"0":1,"1":1,"2":1,"3":0,"4":0,"5":0,"6":0,"7":0,"8":0,"9":0,"10":0,"11":0,"12":0,"13":0,"14":0,"15":0,"16":0,"17":0,"18":0,"19":0,"20":0,"21":0,"22":0,"23":1,"24":0,"25":0,"26":0,"27":0,"28":0,"29":0,"30":0,"31":0,"32":0,"33":0,"34":0,"35":0,"36":0,"37":0,"38":0,"39":0,"40":0,"41":1,"42":0,"43":0,"44":0,"45":0,"46":0,"47":0,"48":0,"49":0,"50":0,"51":0,"52":1,"53":0,"54":0,"55":0,"56":0,"57":0,"58":0,"59":0,"60":0,"61":0,"62":0,"63":0,"64":0,"65":0,"66":0,"67":0,"68":0,"69":0,"70":0,"71":0,"72":0,"73":0,"74":0,"75":0,"76":0,"77":0,"78":0,"79":0,"80":0,"81":0,"82":0,"83":0,"84":0,"85":0,"86":0,"87":0,"88":0,"89":0,"90":0,"91":0,"92":0,"93":0,"94":0,"95":0,"96":0,"97":0,"98":0,"99":0,"100":0,"101":0,"102":0,"103":0,"104":0,"105":0,"106":0,"107":0,"108":0,"109":0,"110":0,"111":0,"112":0,"113":0,"114":0,"115":0,"116":0,"117":0,"118":0,"119":0,"120":0,"121":0,"122":0,"123":0,"124":0,"125":0,"126":0,"127":0,"128":0,"129":0,"130":0,"131":0,"132":0,"133":0,"134":0,"135":0,"136":0,"137":0,"138":0,"139":0,"140":0,"141":0,"142":0,"143":0,"144":0,"145":0,"146":0,"147":0,"148":0,"149":0,"150":0,"151":0,"152":0,"153":0,"154":0,"155":0,"156":0,"157":0,"158":0,"159":0,"160":0,"161":0,"162":0,"163":0,"164":0,"165":0,"166":0,"167":0,"168":0,"169":0,"170":0,"171":0,"172":0},"f":{"0":0,"1":0,"2":0,"3":0,"4":0,"5":0,"6":0,"7":0,"8":0,"9":0,"10":0,"11":0,"12":0,"13":0,"14":0,"15":0,"16":0,"17":0,"18":0,"19":0,"20":0,"21":0,"22":0,"23":0,"24":0,"25":0,"26":0,"27":0,"28":0,"29":0,"30":0,"31":0,"32":0,"33":0,"34":0,"35":0,"36":0},"b":{"0":[0,0],"1":[0,0],"2":[0,0],"3":[0,0],"4":[0,0],"5":[0,0],"6":[0,0],"7":[0,0],"8":[0,0],"9":[0,0],"10":[0,0],"11":[0,0],"12":[0,0],"13":[0,0],"14":[0,0],"15":[0,0],"16":[0,0],"17":[0,0],"18":[0,0],"19":[0,0],"20":[0,0],"21":[0,0],"22":[0,0],"23":[0,0],"24":[0,0],"25":[0,0],"26":[0,0],"27":[0,0],"28":[0,0],"29":[0,0],"30":[0,0],"31":[0,0],"32":[0,0],"33":[0,0],"34":[0,0],"35":[0,0],"36":[0,0],"37":[0,0],"38":[0,0],"39":[0,0],"40":[0,0]},"_coverageSchema":"1a1c01bbd47fc00a2c39e90264f33305004495a9","hash":"4e294fa37e3a645ac977c20a8decb5bb28907a9a"}
,"C:\\Users\\Adam\\Desktop\\Current Classes\\CSE186\\Assignment8\\frontend\\src\\ResponsiveLayout.jsx": {"path":"C:\\Users\\Adam\\Desktop\\Current Classes\\CSE186\\Assignment8\\frontend\\src\\ResponsiveLayout.jsx","statementMap":{"0":{"start":{"line":6,"column":25},"end":{"line":9,"column":1}},"1":{"start":{"line":7,"column":18},"end":{"line":7,"column":33}},"2":{"start":{"line":8,"column":2},"end":{"line":8,"column":63}}},"fnMap":{"0":{"name":"(anonymous_0)","decl":{"start":{"line":6,"column":25},"end":{"line":6,"column":26}},"loc":{"start":{"line":6,"column":78},"end":{"line":9,"column":1}},"line":6}},"branchMap":{"0":{"loc":{"start":{"line":6,"column":27},"end":{"line":6,"column":43}},"type":"default-arg","locations":[{"start":{"line":6,"column":40},"end":{"line":6,"column":43}}],"line":6},"1":{"loc":{"start":{"line":8,"column":9},"end":{"line":8,"column":62}},"type":"cond-expr","locations":[{"start":{"line":8,"column":30},"end":{"line":8,"column":45}},{"start":{"line":8,"column":48},"end":{"line":8,"column":62}}],"line":8}},"s":{"0":1,"1":0,"2":0},"f":{"0":0},"b":{"0":[0],"1":[0,0]},"_coverageSchema":"1a1c01bbd47fc00a2c39e90264f33305004495a9","hash":"2bee9b55d353f8dce60da810b560edbc04de8f13"}
,"C:\\Users\\Adam\\Desktop\\Current Classes\\CSE186\\Assignment8\\frontend\\src\\components\\Dummy.jsx": {"path":"C:\\Users\\Adam\\Desktop\\Current Classes\\CSE186\\Assignment8\\frontend\\src\\components\\Dummy.jsx","statementMap":{"0":{"start":{"line":9,"column":2},"end":{"line":21,"column":7}},"1":{"start":{"line":11,"column":6},"end":{"line":13,"column":7}},"2":{"start":{"line":12,"column":8},"end":{"line":12,"column":23}},"3":{"start":{"line":14,"column":6},"end":{"line":14,"column":29}},"4":{"start":{"line":17,"column":6},"end":{"line":17,"column":29}},"5":{"start":{"line":20,"column":6},"end":{"line":20,"column":45}},"6":{"start":{"line":30,"column":28},"end":{"line":30,"column":63}},"7":{"start":{"line":31,"column":2},"end":{"line":50,"column":4}},"8":{"start":{"line":38,"column":10},"end":{"line":38,"column":29}}},"fnMap":{"0":{"name":"getDummy","decl":{"start":{"line":8,"column":9},"end":{"line":8,"column":17}},"loc":{"start":{"line":8,"column":28},"end":{"line":22,"column":1}},"line":8},"1":{"name":"(anonymous_1)","decl":{"start":{"line":10,"column":10},"end":{"line":10,"column":11}},"loc":{"start":{"line":10,"column":24},"end":{"line":15,"column":5}},"line":10},"2":{"name":"(anonymous_2)","decl":{"start":{"line":16,"column":10},"end":{"line":16,"column":11}},"loc":{"start":{"line":16,"column":20},"end":{"line":18,"column":5}},"line":16},"3":{"name":"(anonymous_3)","decl":{"start":{"line":19,"column":11},"end":{"line":19,"column":12}},"loc":{"start":{"line":19,"column":22},"end":{"line":21,"column":5}},"line":19},"4":{"name":"Dummy","decl":{"start":{"line":29,"column":9},"end":{"line":29,"column":14}},"loc":{"start":{"line":29,"column":17},"end":{"line":51,"column":1}},"line":29},"5":{"name":"(anonymous_5)","decl":{"start":{"line":37,"column":17},"end":{"line":37,"column":18}},"loc":{"start":{"line":37,"column":28},"end":{"line":39,"column":9}},"line":37}},"branchMap":{"0":{"loc":{"start":{"line":11,"column":6},"end":{"line":13,"column":7}},"type":"if","locations":[{"start":{"line":11,"column":6},"end":{"line":13,"column":7}},{"start":{},"end":{}}],"line":11}},"s":{"0":2,"1":2,"2":1,"3":1,"4":1,"5":1,"6":4,"7":4,"8":2},"f":{"0":2,"1":2,"2":1,"3":1,"4":4,"5":2},"b":{"0":[1,1]},"_coverageSchema":"1a1c01bbd47fc00a2c39e90264f33305004495a9","hash":"9268f6aab9ffee6c022400c6bd6ca7e7caf00ac4"}
}
