TN:
SF:src\App.jsx
FN:13,App
FN:25,(anonymous_1)
FN:26,(anonymous_2)
FN:32,(anonymous_3)
FNF:4
FNH:3
FNDA:6,App
FNDA:6,(anonymous_1)
FNDA:0,(anonymous_2)
FNDA:6,(anonymous_3)
DA:24,6
DA:25,6
DA:26,6
DA:27,0
DA:28,0
DA:29,0
DA:31,6
DA:32,6
DA:33,6
DA:36,6
DA:37,6
LF:11
LH:8
BRDA:41,0,0,0
BRDA:41,0,1,6
BRF:2
BRH:1
end_of_record
TN:
SF:src\Contexts.jsx
FNF:0
FNH:0
DA:9,1
DA:10,1
DA:11,1
DA:12,1
DA:13,1
DA:14,1
LF:6
LH:6
BRF:0
BRH:0
end_of_record
TN:
SF:src\CustomDrawers.jsx
FN:28,(anonymous_0)
FN:46,(anonymous_1)
FN:53,(anonymous_2)
FN:58,(anonymous_3)
FN:76,TitleDrawer
FN:95,(anonymous_5)
FN:98,(anonymous_6)
FN:101,(anonymous_7)
FN:102,(anonymous_8)
FN:114,(anonymous_9)
FN:122,(anonymous_10)
FN:124,(anonymous_11)
FN:146,NavbarDrawer
FN:151,(anonymous_13)
FN:168,(anonymous_14)
FN:173,(anonymous_15)
FN:188,(anonymous_16)
FN:203,(anonymous_17)
FN:204,(anonymous_18)
FN:224,(anonymous_19)
FN:241,(anonymous_20)
FN:242,(anonymous_21)
FN:270,ReadingDrawer
FN:287,(anonymous_23)
FN:311,(anonymous_24)
FN:336,(anonymous_25)
FN:359,(anonymous_26)
FN:393,ComposeDrawer
FN:403,(anonymous_28)
FN:426,(anonymous_29)
FN:455,(anonymous_30)
FN:477,(anonymous_31)
FNF:32
FNH:0
FNDA:0,(anonymous_0)
FNDA:0,(anonymous_1)
FNDA:0,(anonymous_2)
FNDA:0,(anonymous_3)
FNDA:0,TitleDrawer
FNDA:0,(anonymous_5)
FNDA:0,(anonymous_6)
FNDA:0,(anonymous_7)
FNDA:0,(anonymous_8)
FNDA:0,(anonymous_9)
FNDA:0,(anonymous_10)
FNDA:0,(anonymous_11)
FNDA:0,NavbarDrawer
FNDA:0,(anonymous_13)
FNDA:0,(anonymous_14)
FNDA:0,(anonymous_15)
FNDA:0,(anonymous_16)
FNDA:0,(anonymous_17)
FNDA:0,(anonymous_18)
FNDA:0,(anonymous_19)
FNDA:0,(anonymous_20)
FNDA:0,(anonymous_21)
FNDA:0,ReadingDrawer
FNDA:0,(anonymous_23)
FNDA:0,(anonymous_24)
FNDA:0,(anonymous_25)
FNDA:0,(anonymous_26)
FNDA:0,ComposeDrawer
FNDA:0,(anonymous_28)
FNDA:0,(anonymous_29)
FNDA:0,(anonymous_30)
FNDA:0,(anonymous_31)
DA:25,1
DA:26,1
DA:28,1
DA:29,0
DA:30,0
DA:31,0
DA:32,0
DA:33,0
DA:35,0
DA:36,0
DA:37,0
DA:38,0
DA:47,0
DA:48,0
DA:49,0
DA:51,0
DA:54,0
DA:55,0
DA:56,0
DA:59,0
DA:61,0
DA:62,0
DA:63,0
DA:77,0
DA:79,0
DA:80,0
DA:81,0
DA:82,0
DA:83,0
DA:84,0
DA:85,0
DA:87,0
DA:95,0
DA:99,0
DA:102,0
DA:114,0
DA:122,0
DA:124,0
DA:148,0
DA:149,0
DA:151,0
DA:152,0
DA:156,0
DA:157,0
DA:159,0
DA:160,0
DA:161,0
DA:162,0
DA:163,0
DA:168,0
DA:170,0
DA:171,0
DA:173,0
DA:174,0
DA:176,0
DA:178,0
DA:181,0
DA:182,0
DA:183,0
DA:189,0
DA:204,0
DA:205,0
DA:225,0
DA:242,0
DA:243,0
DA:272,0
DA:273,0
DA:274,0
DA:278,0
DA:279,0
DA:281,0
DA:288,0
DA:312,0
DA:337,0
DA:359,0
DA:395,0
DA:396,0
DA:397,0
DA:404,0
DA:426,0
DA:456,0
DA:477,0
LF:82
LH:3
BRDA:31,0,0,0
BRDA:31,0,1,0
BRDA:36,1,0,0
BRDA:36,1,1,0
BRDA:47,2,0,0
BRDA:47,2,1,0
BRDA:81,3,0,0
BRDA:81,3,1,0
BRDA:82,4,0,0
BRDA:82,4,1,0
BRDA:83,5,0,0
BRDA:83,5,1,0
BRDA:84,6,0,0
BRDA:84,6,1,0
BRDA:85,7,0,0
BRDA:85,7,1,0
BRDA:131,8,0,0
BRDA:131,8,1,0
BRDA:162,9,0,0
BRDA:162,9,1,0
BRDA:170,10,0,0
BRDA:170,10,1,0
BRDA:176,11,0,0
BRDA:176,11,1,0
BRDA:182,12,0,0
BRDA:182,12,1,0
BRDA:209,13,0,0
BRDA:209,13,1,0
BRDA:273,14,0,0
BRDA:273,14,1,0
BRDA:278,15,0,0
BRDA:278,15,1,0
BRDA:279,16,0,0
BRDA:279,16,1,0
BRDA:396,17,0,0
BRDA:396,17,1,0
BRF:36
BRH:0
end_of_record
TN:
SF:src\DimensionsProvider.jsx
FN:9,(anonymous_0)
FN:14,(anonymous_1)
FN:16,(anonymous_2)
FN:17,(anonymous_3)
FN:21,(anonymous_4)
FN:34,(anonymous_5)
FNF:6
FNH:0
FNDA:0,(anonymous_0)
FNDA:0,(anonymous_1)
FNDA:0,(anonymous_2)
FNDA:0,(anonymous_3)
FNDA:0,(anonymous_4)
FNDA:0,(anonymous_5)
DA:7,1
DA:9,1
DA:14,1
DA:15,0
DA:16,0
DA:17,0
DA:18,0
DA:20,0
DA:21,0
DA:22,0
DA:25,0
DA:34,1
DA:35,0
LF:13
LH:4
BRF:0
BRH:0
end_of_record
TN:
SF:src\Login.jsx
FN:11,Login
FN:17,(anonymous_1)
FN:25,(anonymous_2)
FN:37,(anonymous_3)
FN:45,(anonymous_4)
FN:59,(anonymous_5)
FNF:6
FNH:4
FNDA:6,Login
FNDA:160,(anonymous_1)
FNDA:5,(anonymous_2)
FNDA:0,(anonymous_3)
FNDA:0,(anonymous_4)
FNDA:5,(anonymous_5)
DA:12,6
DA:13,6
DA:17,6
DA:18,160
DA:19,160
DA:20,160
DA:21,160
DA:25,6
DA:26,5
DA:27,5
DA:28,5
DA:29,5
DA:30,5
DA:38,0
DA:39,0
DA:40,0
DA:41,0
DA:43,0
DA:46,0
DA:48,0
DA:50,0
DA:51,0
DA:52,0
DA:53,0
DA:54,0
DA:55,0
DA:56,0
DA:60,5
DA:61,5
DA:65,6
LF:30
LH:16
BRDA:39,0,0,0
BRDA:39,0,1,0
BRF:2
BRH:0
end_of_record
TN:
SF:src\Mailviewer.jsx
FN:26,(anonymous_0)
FN:43,(anonymous_1)
FN:49,(anonymous_2)
FN:54,(anonymous_3)
FN:64,(anonymous_4)
FN:82,(anonymous_5)
FN:88,(anonymous_6)
FN:92,(anonymous_7)
FN:99,(anonymous_8)
FN:115,(anonymous_9)
FN:123,(anonymous_10)
FN:139,(anonymous_11)
FN:149,Mailviewer
FN:153,(anonymous_13)
FN:160,(anonymous_14)
FN:190,(anonymous_15)
FN:198,(anonymous_16)
FN:202,(anonymous_17)
FN:210,(anonymous_18)
FN:218,(anonymous_19)
FN:224,(anonymous_20)
FN:227,(anonymous_21)
FN:231,(anonymous_22)
FN:245,(anonymous_23)
FN:248,(anonymous_24)
FN:254,(anonymous_25)
FN:255,(anonymous_26)
FN:259,(anonymous_27)
FN:271,(anonymous_28)
FN:286,(anonymous_29)
FN:287,(anonymous_30)
FN:291,(anonymous_31)
FN:303,(anonymous_32)
FN:343,(anonymous_33)
FN:347,(anonymous_34)
FN:357,(anonymous_35)
FN:386,dateFormatting
FNF:37
FNH:0
FNDA:0,(anonymous_0)
FNDA:0,(anonymous_1)
FNDA:0,(anonymous_2)
FNDA:0,(anonymous_3)
FNDA:0,(anonymous_4)
FNDA:0,(anonymous_5)
FNDA:0,(anonymous_6)
FNDA:0,(anonymous_7)
FNDA:0,(anonymous_8)
FNDA:0,(anonymous_9)
FNDA:0,(anonymous_10)
FNDA:0,(anonymous_11)
FNDA:0,Mailviewer
FNDA:0,(anonymous_13)
FNDA:0,(anonymous_14)
FNDA:0,(anonymous_15)
FNDA:0,(anonymous_16)
FNDA:0,(anonymous_17)
FNDA:0,(anonymous_18)
FNDA:0,(anonymous_19)
FNDA:0,(anonymous_20)
FNDA:0,(anonymous_21)
FNDA:0,(anonymous_22)
FNDA:0,(anonymous_23)
FNDA:0,(anonymous_24)
FNDA:0,(anonymous_25)
FNDA:0,(anonymous_26)
FNDA:0,(anonymous_27)
FNDA:0,(anonymous_28)
FNDA:0,(anonymous_29)
FNDA:0,(anonymous_30)
FNDA:0,(anonymous_31)
FNDA:0,(anonymous_32)
FNDA:0,(anonymous_33)
FNDA:0,(anonymous_34)
FNDA:0,(anonymous_35)
FNDA:0,dateFormatting
DA:22,1
DA:24,1
DA:26,1
DA:27,0
DA:28,0
DA:29,0
DA:30,0
DA:32,0
DA:33,0
DA:34,0
DA:35,0
DA:44,0
DA:45,0
DA:47,0
DA:50,0
DA:51,0
DA:52,0
DA:55,0
DA:56,0
DA:57,0
DA:58,0
DA:59,0
DA:60,0
DA:64,1
DA:65,0
DA:66,0
DA:67,0
DA:68,0
DA:69,0
DA:70,0
DA:72,0
DA:73,0
DA:74,0
DA:83,0
DA:84,0
DA:86,0
DA:89,0
DA:90,0
DA:93,0
DA:94,0
DA:95,0
DA:99,1
DA:100,0
DA:101,0
DA:102,0
DA:103,0
DA:105,0
DA:106,0
DA:107,0
DA:116,0
DA:117,0
DA:119,0
DA:123,1
DA:124,0
DA:125,0
DA:126,0
DA:127,0
DA:129,0
DA:130,0
DA:131,0
DA:140,0
DA:141,0
DA:143,0
DA:151,0
DA:152,0
DA:153,0
DA:154,0
DA:155,0
DA:157,0
DA:158,0
DA:160,0
DA:161,0
DA:165,0
DA:166,0
DA:167,0
DA:168,0
DA:169,0
DA:180,0
DA:182,0
DA:184,0
DA:186,0
DA:188,0
DA:190,0
DA:191,0
DA:193,0
DA:194,0
DA:198,0
DA:199,0
DA:200,0
DA:202,0
DA:203,0
DA:204,0
DA:205,0
DA:206,0
DA:210,0
DA:211,0
DA:212,0
DA:213,0
DA:214,0
DA:218,0
DA:220,0
DA:221,0
DA:222,0
DA:224,0
DA:227,0
DA:228,0
DA:230,0
DA:231,0
DA:232,0
DA:234,0
DA:235,0
DA:237,0
DA:239,0
DA:240,0
DA:242,0
DA:245,0
DA:246,0
DA:248,0
DA:249,0
DA:251,0
DA:252,0
DA:254,0
DA:255,0
DA:256,0
DA:258,0
DA:259,0
DA:260,0
DA:262,0
DA:263,0
DA:266,0
DA:269,0
DA:270,0
DA:271,0
DA:272,0
DA:274,0
DA:275,0
DA:276,0
DA:279,0
DA:286,0
DA:287,0
DA:288,0
DA:290,0
DA:291,0
DA:292,0
DA:294,0
DA:295,0
DA:298,0
DA:301,0
DA:302,0
DA:303,0
DA:304,0
DA:306,0
DA:307,0
DA:308,0
DA:311,0
DA:318,0
DA:344,0
DA:347,0
DA:358,0
DA:387,0
DA:388,0
DA:390,0
DA:393,0
DA:395,0
DA:398,0
DA:403,0
DA:404,0
DA:406,0
DA:410,0
LF:169
LH:6
BRDA:29,0,0,0
BRDA:29,0,1,0
BRDA:34,1,0,0
BRDA:34,1,1,0
BRDA:44,2,0,0
BRDA:44,2,1,0
BRDA:67,3,0,0
BRDA:67,3,1,0
BRDA:67,4,0,0
BRDA:67,4,1,0
BRDA:73,5,0,0
BRDA:73,5,1,0
BRDA:83,6,0,0
BRDA:83,6,1,0
BRDA:102,7,0,0
BRDA:102,7,1,0
BRDA:106,8,0,0
BRDA:106,8,1,0
BRDA:116,9,0,0
BRDA:116,9,1,0
BRDA:126,10,0,0
BRDA:126,10,1,0
BRDA:130,11,0,0
BRDA:130,11,1,0
BRDA:140,12,0,0
BRDA:140,12,1,0
BRDA:168,13,0,0
BRDA:168,13,1,0
BRDA:193,14,0,0
BRDA:193,14,1,0
BRDA:194,15,0,0
BRDA:194,15,1,0
BRDA:203,16,0,0
BRDA:203,16,1,0
BRDA:203,17,0,0
BRDA:203,17,1,0
BRDA:205,18,0,0
BRDA:205,18,1,0
BRDA:205,19,0,0
BRDA:205,19,1,0
BRDA:211,20,0,0
BRDA:211,20,1,0
BRDA:211,21,0,0
BRDA:211,21,1,0
BRDA:213,22,0,0
BRDA:213,22,1,0
BRDA:213,23,0,0
BRDA:213,23,1,0
BRDA:230,24,0,0
BRDA:230,24,1,0
BRDA:234,25,0,0
BRDA:234,25,1,0
BRDA:239,26,0,0
BRDA:239,26,1,0
BRDA:251,27,0,0
BRDA:251,27,1,0
BRDA:258,28,0,0
BRDA:258,28,1,0
BRDA:262,29,0,0
BRDA:262,29,1,0
BRDA:269,30,0,0
BRDA:269,30,1,0
BRDA:274,31,0,0
BRDA:274,31,1,0
BRDA:275,32,0,0
BRDA:275,32,1,0
BRDA:290,33,0,0
BRDA:290,33,1,0
BRDA:294,34,0,0
BRDA:294,34,1,0
BRDA:301,35,0,0
BRDA:301,35,1,0
BRDA:306,36,0,0
BRDA:306,36,1,0
BRDA:307,37,0,0
BRDA:307,37,1,0
BRDA:393,38,0,0
BRDA:393,38,1,0
BRDA:398,39,0,0
BRDA:398,39,1,0
BRDA:403,40,0,0
BRDA:403,40,1,0
BRF:82
BRH:0
end_of_record
TN:
SF:src\ResponsiveLayout.jsx
FN:6,(anonymous_0)
FNF:1
FNH:0
FNDA:0,(anonymous_0)
DA:6,1
DA:7,0
DA:8,0
LF:3
LH:1
BRDA:6,0,0,0
BRDA:8,1,0,0
BRDA:8,1,1,0
BRF:3
BRH:0
end_of_record
TN:
SF:src\components\Dummy.jsx
FN:8,getDummy
FN:10,(anonymous_1)
FN:16,(anonymous_2)
FN:19,(anonymous_3)
FN:29,Dummy
FN:37,(anonymous_5)
FNF:6
FNH:6
FNDA:2,getDummy
FNDA:2,(anonymous_1)
FNDA:1,(anonymous_2)
FNDA:1,(anonymous_3)
FNDA:4,Dummy
FNDA:2,(anonymous_5)
DA:9,2
DA:11,2
DA:12,1
DA:14,1
DA:17,1
DA:20,1
DA:30,4
DA:31,4
DA:38,2
LF:9
LH:9
BRDA:11,0,0,1
BRDA:11,0,1,1
BRF:2
BRH:2
end_of_record
