{"C:\\Users\\Adam\\Desktop\\Current Classes\\CSE186\\Assignment8\\backend\\src\\app.js": {"path":"C:\\Users\\Adam\\Desktop\\Current Classes\\CSE186\\Assignment8\\backend\\src\\app.js","statementMap":{"0":{"start":{"line":1,"column":16},"end":{"line":1,"column":34}},"1":{"start":{"line":2,"column":13},"end":{"line":2,"column":28}},"2":{"start":{"line":3,"column":13},"end":{"line":3,"column":31}},"3":{"start":{"line":4,"column":18},"end":{"line":4,"column":47}},"4":{"start":{"line":5,"column":11},"end":{"line":5,"column":24}},"5":{"start":{"line":6,"column":13},"end":{"line":6,"column":28}},"6":{"start":{"line":7,"column":25},"end":{"line":7,"column":61}},"7":{"start":{"line":9,"column":14},"end":{"line":9,"column":32}},"8":{"start":{"line":10,"column":13},"end":{"line":10,"column":30}},"9":{"start":{"line":11,"column":13},"end":{"line":11,"column":30}},"10":{"start":{"line":12,"column":16},"end":{"line":12,"column":36}},"11":{"start":{"line":13,"column":15},"end":{"line":13,"column":34}},"12":{"start":{"line":15,"column":12},"end":{"line":15,"column":21}},"13":{"start":{"line":16,"column":0},"end":{"line":16,"column":16}},"14":{"start":{"line":17,"column":0},"end":{"line":17,"column":24}},"15":{"start":{"line":18,"column":0},"end":{"line":18,"column":47}},"16":{"start":{"line":20,"column":16},"end":{"line":20,"column":59}},"17":{"start":{"line":22,"column":15},"end":{"line":22,"column":58}},"18":{"start":{"line":23,"column":0},"end":{"line":23,"column":66}},"19":{"start":{"line":25,"column":0},"end":{"line":31,"column":2}},"20":{"start":{"line":33,"column":0},"end":{"line":33,"column":32}},"21":{"start":{"line":34,"column":0},"end":{"line":34,"column":34}},"22":{"start":{"line":36,"column":0},"end":{"line":36,"column":48}},"23":{"start":{"line":39,"column":0},"end":{"line":39,"column":46}},"24":{"start":{"line":40,"column":0},"end":{"line":40,"column":55}},"25":{"start":{"line":41,"column":0},"end":{"line":41,"column":49}},"26":{"start":{"line":44,"column":0},"end":{"line":44,"column":61}},"27":{"start":{"line":45,"column":0},"end":{"line":45,"column":55}},"28":{"start":{"line":47,"column":0},"end":{"line":53,"column":3}},"29":{"start":{"line":48,"column":2},"end":{"line":52,"column":5}},"30":{"start":{"line":55,"column":0},"end":{"line":55,"column":21}}},"fnMap":{"0":{"name":"(anonymous_0)","decl":{"start":{"line":47,"column":8},"end":{"line":47,"column":9}},"loc":{"start":{"line":47,"column":33},"end":{"line":53,"column":1}},"line":47}},"branchMap":{},"s":{"0":4,"1":4,"2":4,"3":4,"4":4,"5":4,"6":4,"7":4,"8":4,"9":4,"10":4,"11":4,"12":4,"13":4,"14":4,"15":4,"16":4,"17":4,"18":4,"19":4,"20":4,"21":4,"22":4,"23":4,"24":4,"25":4,"26":4,"27":4,"28":4,"29":4,"30":4},"f":{"0":4},"b":{},"_coverageSchema":"1a1c01bbd47fc00a2c39e90264f33305004495a9","hash":"29a4574f696847483b752b412e16d526ef87ad19"}
,"C:\\Users\\Adam\\Desktop\\Current Classes\\CSE186\\Assignment8\\backend\\src\\auth.js": {"path":"C:\\Users\\Adam\\Desktop\\Current Classes\\CSE186\\Assignment8\\backend\\src\\auth.js","statementMap":{"0":{"start":{"line":3,"column":15},"end":{"line":3,"column":28}},"1":{"start":{"line":5,"column":12},"end":{"line":5,"column":35}},"2":{"start":{"line":6,"column":16},"end":{"line":6,"column":42}},"3":{"start":{"line":7,"column":15},"end":{"line":7,"column":32}},"4":{"start":{"line":10,"column":13},"end":{"line":16,"column":2}},"5":{"start":{"line":18,"column":0},"end":{"line":48,"column":2}},"6":{"start":{"line":19,"column":2},"end":{"line":19,"column":29}},"7":{"start":{"line":20,"column":28},"end":{"line":20,"column":36}},"8":{"start":{"line":22,"column":17},"end":{"line":22,"column":59}},"9":{"start":{"line":23,"column":16},"end":{"line":26,"column":3}},"10":{"start":{"line":27,"column":17},"end":{"line":27,"column":40}},"11":{"start":{"line":29,"column":2},"end":{"line":47,"column":3}},"12":{"start":{"line":30,"column":4},"end":{"line":30,"column":27}},"13":{"start":{"line":33,"column":22},"end":{"line":33,"column":29}},"14":{"start":{"line":34,"column":4},"end":{"line":46,"column":5}},"15":{"start":{"line":36,"column":29},"end":{"line":41,"column":10}},"16":{"start":{"line":42,"column":6},"end":{"line":43,"column":41}},"17":{"start":{"line":45,"column":6},"end":{"line":45,"column":29}},"18":{"start":{"line":52,"column":0},"end":{"line":63,"column":2}},"19":{"start":{"line":53,"column":21},"end":{"line":53,"column":46}},"20":{"start":{"line":54,"column":16},"end":{"line":54,"column":40}},"21":{"start":{"line":55,"column":2},"end":{"line":62,"column":5}},"22":{"start":{"line":56,"column":4},"end":{"line":58,"column":5}},"23":{"start":{"line":57,"column":6},"end":{"line":57,"column":33}},"24":{"start":{"line":59,"column":4},"end":{"line":59,"column":35}},"25":{"start":{"line":60,"column":4},"end":{"line":60,"column":20}},"26":{"start":{"line":61,"column":4},"end":{"line":61,"column":11}}},"fnMap":{"0":{"name":"(anonymous_0)","decl":{"start":{"line":18,"column":16},"end":{"line":18,"column":17}},"loc":{"start":{"line":18,"column":36},"end":{"line":48,"column":1}},"line":18},"1":{"name":"(anonymous_1)","decl":{"start":{"line":52,"column":16},"end":{"line":52,"column":17}},"loc":{"start":{"line":52,"column":42},"end":{"line":63,"column":1}},"line":52},"2":{"name":"(anonymous_2)","decl":{"start":{"line":55,"column":41},"end":{"line":55,"column":42}},"loc":{"start":{"line":55,"column":56},"end":{"line":62,"column":3}},"line":55}},"branchMap":{"0":{"loc":{"start":{"line":29,"column":2},"end":{"line":47,"column":3}},"type":"if","locations":[{"start":{"line":29,"column":2},"end":{"line":47,"column":3}},{"start":{"line":31,"column":9},"end":{"line":47,"column":3}}],"line":29},"1":{"loc":{"start":{"line":34,"column":4},"end":{"line":46,"column":5}},"type":"if","locations":[{"start":{"line":34,"column":4},"end":{"line":46,"column":5}},{"start":{"line":44,"column":11},"end":{"line":46,"column":5}}],"line":34},"2":{"loc":{"start":{"line":56,"column":4},"end":{"line":58,"column":5}},"type":"if","locations":[{"start":{"line":56,"column":4},"end":{"line":58,"column":5}},{"start":{},"end":{}}],"line":56}},"s":{"0":4,"1":4,"2":4,"3":4,"4":4,"5":4,"6":13,"7":13,"8":13,"9":13,"10":13,"11":13,"12":1,"13":12,"14":12,"15":11,"16":11,"17":1,"18":4,"19":14,"20":14,"21":14,"22":14,"23":1,"24":13,"25":13,"26":13},"f":{"0":13,"1":14,"2":14},"b":{"0":[1,12],"1":[11,1],"2":[1,13]},"_coverageSchema":"1a1c01bbd47fc00a2c39e90264f33305004495a9","hash":"bc2dd6ff7f11246ed2d490f838653e518b853d95"}
,"C:\\Users\\Adam\\Desktop\\Current Classes\\CSE186\\Assignment8\\backend\\src\\dummy.js": {"path":"C:\\Users\\Adam\\Desktop\\Current Classes\\CSE186\\Assignment8\\backend\\src\\dummy.js","statementMap":{"0":{"start":{"line":1,"column":15},"end":{"line":1,"column":28}},"1":{"start":{"line":3,"column":13},"end":{"line":9,"column":2}},"2":{"start":{"line":11,"column":20},"end":{"line":19,"column":1}},"3":{"start":{"line":12,"column":17},"end":{"line":12,"column":38}},"4":{"start":{"line":13,"column":16},"end":{"line":16,"column":3}},"5":{"start":{"line":17,"column":17},"end":{"line":17,"column":40}},"6":{"start":{"line":18,"column":2},"end":{"line":18,"column":25}},"7":{"start":{"line":21,"column":0},"end":{"line":25,"column":2}},"8":{"start":{"line":22,"column":2},"end":{"line":24,"column":52}}},"fnMap":{"0":{"name":"(anonymous_0)","decl":{"start":{"line":11,"column":20},"end":{"line":11,"column":21}},"loc":{"start":{"line":11,"column":32},"end":{"line":19,"column":1}},"line":11},"1":{"name":"(anonymous_1)","decl":{"start":{"line":21,"column":14},"end":{"line":21,"column":15}},"loc":{"start":{"line":21,"column":34},"end":{"line":25,"column":1}},"line":21}},"branchMap":{},"s":{"0":4,"1":4,"2":4,"3":1,"4":1,"5":1,"6":1,"7":4,"8":1},"f":{"0":1,"1":1},"b":{},"_coverageSchema":"1a1c01bbd47fc00a2c39e90264f33305004495a9","hash":"22a70bf14233348bbc1a4e46dcb00d045f6fdfbd"}
,"C:\\Users\\Adam\\Desktop\\Current Classes\\CSE186\\Assignment8\\backend\\src\\mail.js": {"path":"C:\\Users\\Adam\\Desktop\\Current Classes\\CSE186\\Assignment8\\backend\\src\\mail.js","statementMap":{"0":{"start":{"line":1,"column":15},"end":{"line":1,"column":28}},"1":{"start":{"line":3,"column":13},"end":{"line":9,"column":2}},"2":{"start":{"line":12,"column":0},"end":{"line":71,"column":2}},"3":{"start":{"line":13,"column":18},"end":{"line":13,"column":35}},"4":{"start":{"line":14,"column":17},"end":{"line":14,"column":33}},"5":{"start":{"line":17,"column":15},"end":{"line":17,"column":35}},"6":{"start":{"line":18,"column":20},"end":{"line":18,"column":36}},"7":{"start":{"line":20,"column":2},"end":{"line":40,"column":3}},"8":{"start":{"line":21,"column":4},"end":{"line":21,"column":36}},"9":{"start":{"line":22,"column":4},"end":{"line":22,"column":50}},"10":{"start":{"line":23,"column":4},"end":{"line":23,"column":47}},"11":{"start":{"line":24,"column":4},"end":{"line":24,"column":33}},"12":{"start":{"line":26,"column":9},"end":{"line":40,"column":3}},"13":{"start":{"line":27,"column":4},"end":{"line":27,"column":52}},"14":{"start":{"line":28,"column":4},"end":{"line":28,"column":49}},"15":{"start":{"line":29,"column":4},"end":{"line":29,"column":46}},"16":{"start":{"line":30,"column":4},"end":{"line":30,"column":47}},"17":{"start":{"line":31,"column":4},"end":{"line":31,"column":43}},"18":{"start":{"line":32,"column":4},"end":{"line":32,"column":44}},"19":{"start":{"line":33,"column":4},"end":{"line":33,"column":50}},"20":{"start":{"line":34,"column":4},"end":{"line":34,"column":47}},"21":{"start":{"line":35,"column":4},"end":{"line":35,"column":32}},"22":{"start":{"line":38,"column":4},"end":{"line":38,"column":51}},"23":{"start":{"line":39,"column":4},"end":{"line":39,"column":46}},"24":{"start":{"line":41,"column":16},"end":{"line":44,"column":3}},"25":{"start":{"line":45,"column":2},"end":{"line":45,"column":34}},"26":{"start":{"line":46,"column":2},"end":{"line":46,"column":39}},"27":{"start":{"line":48,"column":17},"end":{"line":48,"column":40}},"28":{"start":{"line":49,"column":2},"end":{"line":49,"column":40}},"29":{"start":{"line":51,"column":23},"end":{"line":51,"column":25}},"30":{"start":{"line":53,"column":2},"end":{"line":69,"column":3}},"31":{"start":{"line":55,"column":18},"end":{"line":55,"column":26}},"32":{"start":{"line":56,"column":4},"end":{"line":56,"column":22}},"33":{"start":{"line":57,"column":4},"end":{"line":57,"column":25}},"34":{"start":{"line":59,"column":25},"end":{"line":61,"column":6}},"35":{"start":{"line":60,"column":6},"end":{"line":60,"column":44}},"36":{"start":{"line":63,"column":4},"end":{"line":68,"column":5}},"37":{"start":{"line":64,"column":6},"end":{"line":64,"column":64}},"38":{"start":{"line":67,"column":6},"end":{"line":67,"column":50}},"39":{"start":{"line":70,"column":2},"end":{"line":70,"column":37}},"40":{"start":{"line":73,"column":0},"end":{"line":101,"column":2}},"41":{"start":{"line":74,"column":22},"end":{"line":74,"column":31}},"42":{"start":{"line":75,"column":15},"end":{"line":75,"column":28}},"43":{"start":{"line":77,"column":17},"end":{"line":77,"column":54}},"44":{"start":{"line":78,"column":2},"end":{"line":78,"column":27}},"45":{"start":{"line":79,"column":16},"end":{"line":82,"column":3}},"46":{"start":{"line":83,"column":17},"end":{"line":83,"column":40}},"47":{"start":{"line":85,"column":2},"end":{"line":92,"column":3}},"48":{"start":{"line":86,"column":4},"end":{"line":86,"column":30}},"49":{"start":{"line":89,"column":18},"end":{"line":89,"column":30}},"50":{"start":{"line":90,"column":4},"end":{"line":90,"column":20}},"51":{"start":{"line":91,"column":4},"end":{"line":91,"column":26}},"52":{"start":{"line":94,"column":2},"end":{"line":100,"column":3}},"53":{"start":{"line":95,"column":4},"end":{"line":95,"column":27}},"54":{"start":{"line":98,"column":4},"end":{"line":98,"column":32}},"55":{"start":{"line":99,"column":4},"end":{"line":99,"column":40}},"56":{"start":{"line":103,"column":0},"end":{"line":126,"column":2}},"57":{"start":{"line":105,"column":16},"end":{"line":105,"column":24}},"58":{"start":{"line":106,"column":16},"end":{"line":106,"column":26}},"59":{"start":{"line":107,"column":2},"end":{"line":107,"column":35}},"60":{"start":{"line":108,"column":2},"end":{"line":108,"column":39}},"61":{"start":{"line":110,"column":2},"end":{"line":110,"column":20}},"62":{"start":{"line":111,"column":2},"end":{"line":111,"column":24}},"63":{"start":{"line":113,"column":17},"end":{"line":113,"column":78}},"64":{"start":{"line":114,"column":22},"end":{"line":117,"column":3}},"65":{"start":{"line":118,"column":17},"end":{"line":118,"column":46}},"66":{"start":{"line":119,"column":2},"end":{"line":119,"column":46}},"67":{"start":{"line":120,"column":2},"end":{"line":120,"column":80}},"68":{"start":{"line":121,"column":19},"end":{"line":121,"column":31}},"69":{"start":{"line":122,"column":2},"end":{"line":122,"column":27}},"70":{"start":{"line":123,"column":23},"end":{"line":123,"column":31}},"71":{"start":{"line":124,"column":2},"end":{"line":124,"column":57}},"72":{"start":{"line":125,"column":2},"end":{"line":125,"column":37}}},"fnMap":{"0":{"name":"(anonymous_0)","decl":{"start":{"line":12,"column":18},"end":{"line":12,"column":19}},"loc":{"start":{"line":12,"column":38},"end":{"line":71,"column":1}},"line":12},"1":{"name":"(anonymous_1)","decl":{"start":{"line":59,"column":48},"end":{"line":59,"column":49}},"loc":{"start":{"line":59,"column":61},"end":{"line":61,"column":5}},"line":59},"2":{"name":"(anonymous_2)","decl":{"start":{"line":73,"column":23},"end":{"line":73,"column":24}},"loc":{"start":{"line":73,"column":43},"end":{"line":101,"column":1}},"line":73},"3":{"name":"(anonymous_3)","decl":{"start":{"line":103,"column":20},"end":{"line":103,"column":21}},"loc":{"start":{"line":103,"column":40},"end":{"line":126,"column":1}},"line":103}},"branchMap":{"0":{"loc":{"start":{"line":20,"column":2},"end":{"line":40,"column":3}},"type":"if","locations":[{"start":{"line":20,"column":2},"end":{"line":40,"column":3}},{"start":{"line":26,"column":9},"end":{"line":40,"column":3}}],"line":20},"1":{"loc":{"start":{"line":26,"column":9},"end":{"line":40,"column":3}},"type":"if","locations":[{"start":{"line":26,"column":9},"end":{"line":40,"column":3}},{"start":{"line":37,"column":9},"end":{"line":40,"column":3}}],"line":26},"2":{"loc":{"start":{"line":63,"column":4},"end":{"line":68,"column":5}},"type":"if","locations":[{"start":{"line":63,"column":4},"end":{"line":68,"column":5}},{"start":{"line":66,"column":11},"end":{"line":68,"column":5}}],"line":63},"3":{"loc":{"start":{"line":85,"column":2},"end":{"line":92,"column":3}},"type":"if","locations":[{"start":{"line":85,"column":2},"end":{"line":92,"column":3}},{"start":{"line":88,"column":9},"end":{"line":92,"column":3}}],"line":85},"4":{"loc":{"start":{"line":94,"column":2},"end":{"line":100,"column":3}},"type":"if","locations":[{"start":{"line":94,"column":2},"end":{"line":100,"column":3}},{"start":{"line":97,"column":9},"end":{"line":100,"column":3}}],"line":94}},"s":{"0":4,"1":4,"2":4,"3":5,"4":5,"5":5,"6":5,"7":5,"8":3,"9":3,"10":3,"11":3,"12":2,"13":1,"14":1,"15":1,"16":1,"17":1,"18":1,"19":1,"20":1,"21":1,"22":1,"23":1,"24":5,"25":5,"26":5,"27":5,"28":5,"29":5,"30":5,"31":18,"32":18,"33":18,"34":18,"35":19,"36":18,"37":7,"38":11,"39":5,"40":4,"41":2,"42":2,"43":2,"44":2,"45":2,"46":2,"47":2,"48":1,"49":1,"50":1,"51":1,"52":2,"53":1,"54":1,"55":1,"56":4,"57":1,"58":1,"59":1,"60":1,"61":1,"62":1,"63":1,"64":1,"65":1,"66":1,"67":1,"68":1,"69":1,"70":1,"71":1,"72":1},"f":{"0":5,"1":19,"2":2,"3":1},"b":{"0":[3,2],"1":[1,1],"2":[7,11],"3":[1,1],"4":[1,1]},"_coverageSchema":"1a1c01bbd47fc00a2c39e90264f33305004495a9","hash":"5e34d84315ba0447673518c1edbe930ce5b4bbeb"}
,"C:\\Users\\Adam\\Desktop\\Current Classes\\CSE186\\Assignment8\\backend\\src\\mailbox.js": {"path":"C:\\Users\\Adam\\Desktop\\Current Classes\\CSE186\\Assignment8\\backend\\src\\mailbox.js","statementMap":{"0":{"start":{"line":1,"column":15},"end":{"line":1,"column":28}},"1":{"start":{"line":3,"column":13},"end":{"line":9,"column":2}},"2":{"start":{"line":11,"column":0},"end":{"line":24,"column":2}},"3":{"start":{"line":12,"column":17},"end":{"line":12,"column":57}},"4":{"start":{"line":13,"column":16},"end":{"line":16,"column":3}},"5":{"start":{"line":17,"column":17},"end":{"line":17,"column":40}},"6":{"start":{"line":18,"column":23},"end":{"line":18,"column":25}},"7":{"start":{"line":20,"column":2},"end":{"line":22,"column":3}},"8":{"start":{"line":21,"column":4},"end":{"line":21,"column":32}},"9":{"start":{"line":23,"column":2},"end":{"line":23,"column":37}}},"fnMap":{"0":{"name":"(anonymous_0)","decl":{"start":{"line":11,"column":14},"end":{"line":11,"column":15}},"loc":{"start":{"line":11,"column":34},"end":{"line":24,"column":1}},"line":11}},"branchMap":{},"s":{"0":4,"1":4,"2":4,"3":1,"4":1,"5":1,"6":1,"7":1,"8":3,"9":1},"f":{"0":1},"b":{},"_coverageSchema":"1a1c01bbd47fc00a2c39e90264f33305004495a9","hash":"9f3cd300a9147be71d53d2af3c4b322477c27292"}
,"C:\\Users\\Adam\\Desktop\\Current Classes\\CSE186\\Assignment8\\backend\\src\\update.js": {"path":"C:\\Users\\Adam\\Desktop\\Current Classes\\CSE186\\Assignment8\\backend\\src\\update.js","statementMap":{"0":{"start":{"line":1,"column":15},"end":{"line":1,"column":28}},"1":{"start":{"line":3,"column":13},"end":{"line":9,"column":2}},"2":{"start":{"line":12,"column":0},"end":{"line":29,"column":2}},"3":{"start":{"line":14,"column":2},"end":{"line":14,"column":30}},"4":{"start":{"line":15,"column":17},"end":{"line":16,"column":32}},"5":{"start":{"line":17,"column":22},"end":{"line":20,"column":3}},"6":{"start":{"line":21,"column":2},"end":{"line":21,"column":65}},"7":{"start":{"line":22,"column":17},"end":{"line":22,"column":46}},"8":{"start":{"line":24,"column":2},"end":{"line":28,"column":3}},"9":{"start":{"line":25,"column":4},"end":{"line":25,"column":27}},"10":{"start":{"line":27,"column":4},"end":{"line":27,"column":27}},"11":{"start":{"line":32,"column":0},"end":{"line":49,"column":2}},"12":{"start":{"line":34,"column":2},"end":{"line":34,"column":30}},"13":{"start":{"line":35,"column":17},"end":{"line":36,"column":32}},"14":{"start":{"line":37,"column":22},"end":{"line":40,"column":3}},"15":{"start":{"line":41,"column":2},"end":{"line":41,"column":62}},"16":{"start":{"line":42,"column":17},"end":{"line":42,"column":46}},"17":{"start":{"line":44,"column":2},"end":{"line":48,"column":3}},"18":{"start":{"line":45,"column":4},"end":{"line":45,"column":27}},"19":{"start":{"line":47,"column":4},"end":{"line":47,"column":27}}},"fnMap":{"0":{"name":"(anonymous_0)","decl":{"start":{"line":12,"column":24},"end":{"line":12,"column":25}},"loc":{"start":{"line":12,"column":44},"end":{"line":29,"column":1}},"line":12},"1":{"name":"(anonymous_1)","decl":{"start":{"line":32,"column":21},"end":{"line":32,"column":22}},"loc":{"start":{"line":32,"column":41},"end":{"line":49,"column":1}},"line":32}},"branchMap":{"0":{"loc":{"start":{"line":24,"column":2},"end":{"line":28,"column":3}},"type":"if","locations":[{"start":{"line":24,"column":2},"end":{"line":28,"column":3}},{"start":{"line":26,"column":9},"end":{"line":28,"column":3}}],"line":24},"1":{"loc":{"start":{"line":44,"column":2},"end":{"line":48,"column":3}},"type":"if","locations":[{"start":{"line":44,"column":2},"end":{"line":48,"column":3}},{"start":{"line":46,"column":9},"end":{"line":48,"column":3}}],"line":44}},"s":{"0":4,"1":4,"2":4,"3":2,"4":2,"5":2,"6":2,"7":2,"8":2,"9":1,"10":1,"11":4,"12":2,"13":2,"14":2,"15":2,"16":2,"17":2,"18":1,"19":1},"f":{"0":2,"1":2},"b":{"0":[1,1],"1":[1,1]},"_coverageSchema":"1a1c01bbd47fc00a2c39e90264f33305004495a9","hash":"081338135fcfb1a9c5040fdb9e0d5b5bb5a813d7"}
,"C:\\Users\\Adam\\Desktop\\Current Classes\\CSE186\\Assignment8\\backend\\src\\__tests__\\db.js": {"path":"C:\\Users\\Adam\\Desktop\\Current Classes\\CSE186\\Assignment8\\backend\\src\\__tests__\\db.js","statementMap":{"0":{"start":{"line":5,"column":11},"end":{"line":5,"column":24}},"1":{"start":{"line":6,"column":15},"end":{"line":6,"column":28}},"2":{"start":{"line":8,"column":0},"end":{"line":8,"column":27}},"3":{"start":{"line":9,"column":0},"end":{"line":9,"column":31}},"4":{"start":{"line":11,"column":13},"end":{"line":17,"column":2}},"5":{"start":{"line":19,"column":12},"end":{"line":25,"column":1}},"6":{"start":{"line":20,"column":18},"end":{"line":20,"column":47}},"7":{"start":{"line":21,"column":21},"end":{"line":21,"column":43}},"8":{"start":{"line":22,"column":2},"end":{"line":24,"column":3}},"9":{"start":{"line":23,"column":4},"end":{"line":23,"column":32}},"10":{"start":{"line":27,"column":0},"end":{"line":31,"column":2}},"11":{"start":{"line":28,"column":2},"end":{"line":28,"column":30}},"12":{"start":{"line":29,"column":2},"end":{"line":29,"column":28}},"13":{"start":{"line":30,"column":2},"end":{"line":30,"column":31}},"14":{"start":{"line":33,"column":0},"end":{"line":37,"column":2}},"15":{"start":{"line":34,"column":2},"end":{"line":36,"column":5}}},"fnMap":{"0":{"name":"(anonymous_0)","decl":{"start":{"line":19,"column":12},"end":{"line":19,"column":13}},"loc":{"start":{"line":19,"column":28},"end":{"line":25,"column":1}},"line":19},"1":{"name":"(anonymous_1)","decl":{"start":{"line":27,"column":16},"end":{"line":27,"column":17}},"loc":{"start":{"line":27,"column":28},"end":{"line":31,"column":1}},"line":27},"2":{"name":"(anonymous_2)","decl":{"start":{"line":33,"column":19},"end":{"line":33,"column":20}},"loc":{"start":{"line":33,"column":25},"end":{"line":37,"column":1}},"line":33},"3":{"name":"(anonymous_3)","decl":{"start":{"line":34,"column":11},"end":{"line":34,"column":12}},"loc":{"start":{"line":34,"column":17},"end":{"line":36,"column":3}},"line":34}},"branchMap":{},"s":{"0":4,"1":4,"2":4,"3":4,"4":4,"5":4,"6":12,"7":12,"8":12,"9":252,"10":4,"11":4,"12":4,"13":4,"14":4,"15":4},"f":{"0":12,"1":4,"2":4,"3":4},"b":{},"_coverageSchema":"1a1c01bbd47fc00a2c39e90264f33305004495a9","hash":"794ef8cd1ef65956bc43a1941b0c332a760cf651"}
}
