TN:
SF:src\app.js
FN:47,(anonymous_0)
FNF:1
FNH:1
FNDA:4,(anonymous_0)
DA:1,4
DA:2,4
DA:3,4
DA:4,4
DA:5,4
DA:6,4
DA:7,4
DA:9,4
DA:10,4
DA:11,4
DA:12,4
DA:13,4
DA:15,4
DA:16,4
DA:17,4
DA:18,4
DA:20,4
DA:22,4
DA:23,4
DA:25,4
DA:33,4
DA:34,4
DA:36,4
DA:39,4
DA:40,4
DA:41,4
DA:44,4
DA:45,4
DA:47,4
DA:48,4
DA:55,4
LF:31
LH:31
BRF:0
BRH:0
end_of_record
TN:
SF:src\auth.js
FN:18,(anonymous_0)
FN:52,(anonymous_1)
FN:55,(anonymous_2)
FNF:3
FNH:3
FNDA:13,(anonymous_0)
FNDA:14,(anonymous_1)
FNDA:14,(anonymous_2)
DA:3,4
DA:5,4
DA:6,4
DA:7,4
DA:10,4
DA:18,4
DA:19,13
DA:20,13
DA:22,13
DA:23,13
DA:27,13
DA:29,13
DA:30,1
DA:33,12
DA:34,12
DA:36,11
DA:42,11
DA:45,1
DA:52,4
DA:53,14
DA:54,14
DA:55,14
DA:56,14
DA:57,1
DA:59,13
DA:60,13
DA:61,13
LF:27
LH:27
BRDA:29,0,0,1
BRDA:29,0,1,12
BRDA:34,1,0,11
BRDA:34,1,1,1
BRDA:56,2,0,1
BRDA:56,2,1,13
BRF:6
BRH:6
end_of_record
TN:
SF:src\dummy.js
FN:11,(anonymous_0)
FN:21,(anonymous_1)
FNF:2
FNH:2
FNDA:1,(anonymous_0)
FNDA:1,(anonymous_1)
DA:1,4
DA:3,4
DA:11,4
DA:12,1
DA:13,1
DA:17,1
DA:18,1
DA:21,4
DA:22,1
LF:9
LH:9
BRF:0
BRH:0
end_of_record
TN:
SF:src\mail.js
FN:12,(anonymous_0)
FN:59,(anonymous_1)
FN:73,(anonymous_2)
FN:103,(anonymous_3)
FNF:4
FNH:4
FNDA:5,(anonymous_0)
FNDA:19,(anonymous_1)
FNDA:2,(anonymous_2)
FNDA:1,(anonymous_3)
DA:1,4
DA:3,4
DA:12,4
DA:13,5
DA:14,5
DA:17,5
DA:18,5
DA:20,5
DA:21,3
DA:22,3
DA:23,3
DA:24,3
DA:26,2
DA:27,1
DA:28,1
DA:29,1
DA:30,1
DA:31,1
DA:32,1
DA:33,1
DA:34,1
DA:35,1
DA:38,1
DA:39,1
DA:41,5
DA:45,5
DA:46,5
DA:48,5
DA:49,5
DA:51,5
DA:53,5
DA:55,18
DA:56,18
DA:57,18
DA:59,18
DA:60,19
DA:63,18
DA:64,7
DA:67,11
DA:70,5
DA:73,4
DA:74,2
DA:75,2
DA:77,2
DA:78,2
DA:79,2
DA:83,2
DA:85,2
DA:86,1
DA:89,1
DA:90,1
DA:91,1
DA:94,2
DA:95,1
DA:98,1
DA:99,1
DA:103,4
DA:105,1
DA:106,1
DA:107,1
DA:108,1
DA:110,1
DA:111,1
DA:113,1
DA:114,1
DA:118,1
DA:119,1
DA:120,1
DA:121,1
DA:122,1
DA:123,1
DA:124,1
DA:125,1
LF:73
LH:73
BRDA:20,0,0,3
BRDA:20,0,1,2
BRDA:26,1,0,1
BRDA:26,1,1,1
BRDA:63,2,0,7
BRDA:63,2,1,11
BRDA:85,3,0,1
BRDA:85,3,1,1
BRDA:94,4,0,1
BRDA:94,4,1,1
BRF:10
BRH:10
end_of_record
TN:
SF:src\mailbox.js
FN:11,(anonymous_0)
FNF:1
FNH:1
FNDA:1,(anonymous_0)
DA:1,4
DA:3,4
DA:11,4
DA:12,1
DA:13,1
DA:17,1
DA:18,1
DA:20,1
DA:21,3
DA:23,1
LF:10
LH:10
BRF:0
BRH:0
end_of_record
TN:
SF:src\update.js
FN:12,(anonymous_0)
FN:32,(anonymous_1)
FNF:2
FNH:2
FNDA:2,(anonymous_0)
FNDA:2,(anonymous_1)
DA:1,4
DA:3,4
DA:12,4
DA:14,2
DA:15,2
DA:17,2
DA:21,2
DA:22,2
DA:24,2
DA:25,1
DA:27,1
DA:32,4
DA:34,2
DA:35,2
DA:37,2
DA:41,2
DA:42,2
DA:44,2
DA:45,1
DA:47,1
LF:20
LH:20
BRDA:24,0,0,1
BRDA:24,0,1,1
BRDA:44,1,0,1
BRDA:44,1,1,1
BRF:4
BRH:4
end_of_record
TN:
SF:src\__tests__\db.js
FN:19,(anonymous_0)
FN:27,(anonymous_1)
FN:33,(anonymous_2)
FN:34,(anonymous_3)
FNF:4
FNH:4
FNDA:12,(anonymous_0)
FNDA:4,(anonymous_1)
FNDA:4,(anonymous_2)
FNDA:4,(anonymous_3)
DA:5,4
DA:6,4
DA:8,4
DA:9,4
DA:11,4
DA:19,4
DA:20,12
DA:21,12
DA:22,12
DA:23,252
DA:27,4
DA:28,4
DA:29,4
DA:30,4
DA:33,4
DA:34,4
LF:16
LH:16
BRF:0
BRH:0
end_of_record
